 * Serving Flask app 'webhook_server'
 * Debug mode: on
WARNING: This is a development server. Do not use it in a production deployment. Use a production WSGI server instead.
 * Running on all addresses (0.0.0.0)
 * Running on http://127.0.0.1:5050
 * Running on http://82.180.145.9:5050
Press CTRL+C to quit
 * Restarting with watchdog (inotify)
 * Debugger is active!
 * Debugger PIN: 921-011-964
 * Detected change in '/root/NiftyOptionsIntelligence/venv/lib/python3.10/site-packages/xyzservices/lib.py', reloading
 * Detected change in '/root/NiftyOptionsIntelligence/venv/lib/python3.10/site-packages/xyzservices/__init__.py', reloading
 * Detected change in '/root/NiftyOptionsIntelligence/venv/lib/python3.10/site-packages/xyzservices/lib.py', reloading
 * Detected change in '/root/NiftyOptionsIntelligence/venv/lib/python3.10/site-packages/xyzservices/lib.py', reloading
 * Detected change in '/root/NiftyOptionsIntelligence/venv/lib/python3.10/site-packages/xyzservices/lib.py', reloading
 * Detected change in '/root/NiftyOptionsIntelligence/venv/lib/python3.10/site-packages/xyzservices/providers.py', reloading
 * Detected change in '/root/NiftyOptionsIntelligence/venv/lib/python3.10/site-packages/xyzservices/providers.py', reloading
 * Detected change in '/root/NiftyOptionsIntelligence/venv/lib/python3.10/site-packages/xyzservices/providers.py', reloading
 * Detected change in '/root/NiftyOptionsIntelligence/venv/lib/python3.10/site-packages/xyzservices/data/__init__.py', reloading
 * Detected change in '/root/NiftyOptionsIntelligence/venv/lib/python3.10/site-packages/xyzservices/tests/test_providers.py', reloading
 * Detected change in '/root/NiftyOptionsIntelligence/venv/lib/python3.10/site-packages/xyzservices/tests/test_lib.py', reloading
 * Detected change in '/root/NiftyOptionsIntelligence/venv/lib/python3.10/site-packages/xyzservices/tests/__init__.py', reloading
 * Detected change in '/root/NiftyOptionsIntelligence/venv/lib/python3.10/site-packages/rsa/__init__.py', reloading
 * Detected change in '/root/NiftyOptionsIntelligence/venv/lib/python3.10/site-packages/rsa/__init__.py', reloading
 * Detected change in '/root/NiftyOptionsIntelligence/venv/lib/python3.10/site-packages/rsa/__init__.py', reloading
 * Detected change in '/root/NiftyOptionsIntelligence/venv/lib/python3.10/site-packages/rsa/asn1.py', reloading
 * Detected change in '/root/NiftyOptionsIntelligence/venv/lib/python3.10/site-packages/rsa/asn1.py', reloading
 * Detected change in '/root/NiftyOptionsIntelligence/venv/lib/python3.10/site-packages/rsa/asn1.py', reloading
 * Detected change in '/root/NiftyOptionsIntelligence/venv/lib/python3.10/site-packages/rsa/cli.py', reloading
 * Detected change in '/root/NiftyOptionsIntelligence/venv/lib/python3.10/site-packages/rsa/cli.py', reloading
 * Detected change in '/root/NiftyOptionsIntelligence/venv/lib/python3.10/site-packages/rsa/cli.py', reloading
 * Detected change in '/root/NiftyOptionsIntelligence/venv/lib/python3.10/site-packages/rsa/common.py', reloading
 * Detected change in '/root/NiftyOptionsIntelligence/venv/lib/python3.10/site-packages/rsa/common.py', reloading
 * Detected change in '/root/NiftyOptionsIntelligence/venv/lib/python3.10/site-packages/rsa/common.py', reloading
 * Detected change in '/root/NiftyOptionsIntelligence/venv/lib/python3.10/site-packages/rsa/core.py', reloading
 * Detected change in '/root/NiftyOptionsIntelligence/venv/lib/python3.10/site-packages/rsa/core.py', reloading
 * Detected change in '/root/NiftyOptionsIntelligence/venv/lib/python3.10/site-packages/rsa/core.py', reloading
 * Detected change in '/root/NiftyOptionsIntelligence/venv/lib/python3.10/site-packages/rsa/key.py', reloading
 * Detected change in '/root/NiftyOptionsIntelligence/venv/lib/python3.10/site-packages/rsa/key.py', reloading
 * Detected change in '/root/NiftyOptionsIntelligence/venv/lib/python3.10/site-packages/rsa/key.py', reloading
 * Detected change in '/root/NiftyOptionsIntelligence/venv/lib/python3.10/site-packages/rsa/parallel.py', reloading
 * Detected change in '/root/NiftyOptionsIntelligence/venv/lib/python3.10/site-packages/rsa/parallel.py', reloading
 * Detected change in '/root/NiftyOptionsIntelligence/venv/lib/python3.10/site-packages/rsa/parallel.py', reloading
 * Detected change in '/root/NiftyOptionsIntelligence/venv/lib/python3.10/site-packages/rsa/pem.py', reloading
 * Detected change in '/root/NiftyOptionsIntelligence/venv/lib/python3.10/site-packages/rsa/pem.py', reloading
 * Detected change in '/root/NiftyOptionsIntelligence/venv/lib/python3.10/site-packages/rsa/pem.py', reloading
 * Detected change in '/root/NiftyOptionsIntelligence/venv/lib/python3.10/site-packages/rsa/pkcs1.py', reloading
 * Detected change in '/root/NiftyOptionsIntelligence/venv/lib/python3.10/site-packages/rsa/pkcs1.py', reloading
 * Detected change in '/root/NiftyOptionsIntelligence/venv/lib/python3.10/site-packages/rsa/pkcs1.py', reloading
 * Detected change in '/root/NiftyOptionsIntelligence/venv/lib/python3.10/site-packages/rsa/pkcs1_v2.py', reloading
 * Detected change in '/root/NiftyOptionsIntelligence/venv/lib/python3.10/site-packages/rsa/pkcs1_v2.py', reloading
 * Detected change in '/root/NiftyOptionsIntelligence/venv/lib/python3.10/site-packages/rsa/pkcs1_v2.py', reloading
 * Detected change in '/root/NiftyOptionsIntelligence/venv/lib/python3.10/site-packages/rsa/prime.py', reloading
 * Detected change in '/root/NiftyOptionsIntelligence/venv/lib/python3.10/site-packages/rsa/prime.py', reloading
 * Detected change in '/root/NiftyOptionsIntelligence/venv/lib/python3.10/site-packages/rsa/prime.py', reloading
 * Detected change in '/root/NiftyOptionsIntelligence/venv/lib/python3.10/site-packages/rsa/randnum.py', reloading
 * Detected change in '/root/NiftyOptionsIntelligence/venv/lib/python3.10/site-packages/rsa/randnum.py', reloading
 * Detected change in '/root/NiftyOptionsIntelligence/venv/lib/python3.10/site-packages/rsa/randnum.py', reloading
 * Detected change in '/root/NiftyOptionsIntelligence/venv/lib/python3.10/site-packages/rsa/transform.py', reloading
 * Detected change in '/root/NiftyOptionsIntelligence/venv/lib/python3.10/site-packages/rsa/transform.py', reloading
 * Detected change in '/root/NiftyOptionsIntelligence/venv/lib/python3.10/site-packages/rsa/transform.py', reloading
 * Detected change in '/root/NiftyOptionsIntelligence/venv/lib/python3.10/site-packages/rsa/util.py', reloading
 * Detected change in '/root/NiftyOptionsIntelligence/venv/lib/python3.10/site-packages/rsa/util.py', reloading
 * Detected change in '/root/NiftyOptionsIntelligence/venv/lib/python3.10/site-packages/rsa/util.py', reloading
 * Detected change in '/root/NiftyOptionsIntelligence/venv/lib/python3.10/site-packages/proto/_file_info.py', reloading
 * Detected change in '/root/NiftyOptionsIntelligence/venv/lib/python3.10/site-packages/proto/__init__.py', reloading
 * Detected change in '/root/NiftyOptionsIntelligence/venv/lib/python3.10/site-packages/proto/_package_info.py', reloading
 * Detected change in '/root/NiftyOptionsIntelligence/venv/lib/python3.10/site-packages/proto/datetime_helpers.py', reloading
 * Detected change in '/root/NiftyOptionsIntelligence/venv/lib/python3.10/site-packages/proto/datetime_helpers.py', reloading
 * Detected change in '/root/NiftyOptionsIntelligence/venv/lib/python3.10/site-packages/proto/datetime_helpers.py', reloading
 * Detected change in '/root/NiftyOptionsIntelligence/venv/lib/python3.10/site-packages/proto/enums.py', reloading
 * Detected change in '/root/NiftyOptionsIntelligence/venv/lib/python3.10/site-packages/proto/enums.py', reloading
 * Detected change in '/root/NiftyOptionsIntelligence/venv/lib/python3.10/site-packages/proto/enums.py', reloading
 * Detected change in '/root/NiftyOptionsIntelligence/venv/lib/python3.10/site-packages/proto/fields.py', reloading
 * Detected change in '/root/NiftyOptionsIntelligence/venv/lib/python3.10/site-packages/proto/fields.py', reloading
 * Detected change in '/root/NiftyOptionsIntelligence/venv/lib/python3.10/site-packages/proto/fields.py', reloading
 * Detected change in '/root/NiftyOptionsIntelligence/venv/lib/python3.10/site-packages/proto/message.py', reloading
 * Detected change in '/root/NiftyOptionsIntelligence/venv/lib/python3.10/site-packages/proto/message.py', reloading
 * Detected change in '/root/NiftyOptionsIntelligence/venv/lib/python3.10/site-packages/proto/message.py', reloading
 * Detected change in '/root/NiftyOptionsIntelligence/venv/lib/python3.10/site-packages/proto/modules.py', reloading
 * Detected change in '/root/NiftyOptionsIntelligence/venv/lib/python3.10/site-packages/proto/modules.py', reloading
 * Detected change in '/root/NiftyOptionsIntelligence/venv/lib/python3.10/site-packages/proto/modules.py', reloading
 * Detected change in '/root/NiftyOptionsIntelligence/venv/lib/python3.10/site-packages/proto/primitives.py', reloading
 * Detected change in '/root/NiftyOptionsIntelligence/venv/lib/python3.10/site-packages/proto/primitives.py', reloading
 * Detected change in '/root/NiftyOptionsIntelligence/venv/lib/python3.10/site-packages/proto/primitives.py', reloading
 * Detected change in '/root/NiftyOptionsIntelligence/venv/lib/python3.10/site-packages/proto/utils.py', reloading
 * Detected change in '/root/NiftyOptionsIntelligence/venv/lib/python3.10/site-packages/proto/utils.py', reloading
 * Detected change in '/root/NiftyOptionsIntelligence/venv/lib/python3.10/site-packages/proto/utils.py', reloading
 * Detected change in '/root/NiftyOptionsIntelligence/venv/lib/python3.10/site-packages/proto/version.py', reloading
 * Detected change in '/root/NiftyOptionsIntelligence/venv/lib/python3.10/site-packages/proto/version.py', reloading
 * Detected change in '/root/NiftyOptionsIntelligence/venv/lib/python3.10/site-packages/proto/version.py', reloading
 * Detected change in '/root/NiftyOptionsIntelligence/venv/lib/python3.10/site-packages/proto/marshal/compat.py', reloading
 * Detected change in '/root/NiftyOptionsIntelligence/venv/lib/python3.10/site-packages/proto/marshal/marshal.py', reloading
 * Detected change in '/root/NiftyOptionsIntelligence/venv/lib/python3.10/site-packages/proto/marshal/__init__.py', reloading
 * Detected change in '/root/NiftyOptionsIntelligence/venv/lib/python3.10/site-packages/proto/marshal/rules/bytes.py', reloading
 * Detected change in '/root/NiftyOptionsIntelligence/venv/lib/python3.10/site-packages/proto/marshal/rules/stringy_numbers.py', reloading
 * Detected change in '/root/NiftyOptionsIntelligence/venv/lib/python3.10/site-packages/proto/marshal/rules/field_mask.py', reloading
 * Detected change in '/root/NiftyOptionsIntelligence/venv/lib/python3.10/site-packages/proto/marshal/rules/wrappers.py', reloading
 * Detected change in '/root/NiftyOptionsIntelligence/venv/lib/python3.10/site-packages/proto/marshal/rules/struct.py', reloading
 * Detected change in '/root/NiftyOptionsIntelligence/venv/lib/python3.10/site-packages/proto/marshal/rules/enums.py', reloading
 * Detected change in '/root/NiftyOptionsIntelligence/venv/lib/python3.10/site-packages/proto/marshal/rules/__init__.py', reloading
 * Detected change in '/root/NiftyOptionsIntelligence/venv/lib/python3.10/site-packages/proto/marshal/rules/message.py', reloading
 * Detected change in '/root/NiftyOptionsIntelligence/venv/lib/python3.10/site-packages/proto/marshal/rules/dates.py', reloading
 * Detected change in '/root/NiftyOptionsIntelligence/venv/lib/python3.10/site-packages/proto/marshal/collections/maps.py', reloading
 * Detected change in '/root/NiftyOptionsIntelligence/venv/lib/python3.10/site-packages/proto/marshal/collections/repeated.py', reloading
 * Detected change in '/root/NiftyOptionsIntelligence/venv/lib/python3.10/site-packages/proto/marshal/collections/__init__.py', reloading
 * Detected change in '/root/NiftyOptionsIntelligence/venv/lib/python3.10/site-packages/proto/marshal/rules/bytes.py', reloading
 * Detected change in '/root/NiftyOptionsIntelligence/venv/lib/python3.10/site-packages/proto/marshal/rules/stringy_numbers.py', reloading
 * Detected change in '/root/NiftyOptionsIntelligence/venv/lib/python3.10/site-packages/proto/marshal/rules/field_mask.py', reloading
 * Detected change in '/root/NiftyOptionsIntelligence/venv/lib/python3.10/site-packages/proto/marshal/rules/wrappers.py', reloading
 * Detected change in '/root/NiftyOptionsIntelligence/venv/lib/python3.10/site-packages/proto/marshal/rules/struct.py', reloading
 * Detected change in '/root/NiftyOptionsIntelligence/venv/lib/python3.10/site-packages/proto/marshal/rules/enums.py', reloading
 * Detected change in '/root/NiftyOptionsIntelligence/venv/lib/python3.10/site-packages/proto/marshal/rules/__init__.py', reloading
 * Detected change in '/root/NiftyOptionsIntelligence/venv/lib/python3.10/site-packages/proto/marshal/rules/message.py', reloading
 * Detected change in '/root/NiftyOptionsIntelligence/venv/lib/python3.10/site-packages/proto/marshal/rules/dates.py', reloading
 * Detected change in '/root/NiftyOptionsIntelligence/venv/lib/python3.10/site-packages/proto/marshal/rules/wrappers.py', reloading
 * Detected change in '/root/NiftyOptionsIntelligence/venv/lib/python3.10/site-packages/proto/marshal/rules/wrappers.py', reloading
 * Detected change in '/root/NiftyOptionsIntelligence/venv/lib/python3.10/site-packages/grpc/_simple_stubs.py', reloading
 * Detected change in '/root/NiftyOptionsIntelligence/venv/lib/python3.10/site-packages/grpc/_typing.py', reloading
 * Detected change in '/root/NiftyOptionsIntelligence/venv/lib/python3.10/site-packages/grpc/_grpcio_metadata.py', reloading
 * Detected change in '/root/NiftyOptionsIntelligence/venv/lib/python3.10/site-packages/grpc/_runtime_protos.py', reloading
 * Detected change in '/root/NiftyOptionsIntelligence/venv/lib/python3.10/site-packages/grpc/_plugin_wrapping.py', reloading
 * Detected change in '/root/NiftyOptionsIntelligence/venv/lib/python3.10/site-packages/grpc/_interceptor.py', reloading
 * Detected change in '/root/NiftyOptionsIntelligence/venv/lib/python3.10/site-packages/grpc/_common.py', reloading
 * Detected change in '/root/NiftyOptionsIntelligence/venv/lib/python3.10/site-packages/grpc/_channel.py', reloading
 * Detected change in '/root/NiftyOptionsIntelligence/venv/lib/python3.10/site-packages/grpc/_observability.py', reloading
 * Detected change in '/root/NiftyOptionsIntelligence/venv/lib/python3.10/site-packages/grpc/_server.py', reloading
 * Detected change in '/root/NiftyOptionsIntelligence/venv/lib/python3.10/site-packages/grpc/__init__.py', reloading
 * Detected change in '/root/NiftyOptionsIntelligence/venv/lib/python3.10/site-packages/grpc/_utilities.py', reloading
 * Detected change in '/root/NiftyOptionsIntelligence/venv/lib/python3.10/site-packages/grpc/_auth.py', reloading
 * Detected change in '/root/NiftyOptionsIntelligence/venv/lib/python3.10/site-packages/grpc/_compression.py', reloading
 * Detected change in '/root/NiftyOptionsIntelligence/venv/lib/python3.10/site-packages/grpc/framework/__init__.py', reloading
 * Detected change in '/root/NiftyOptionsIntelligence/venv/lib/python3.10/site-packages/grpc/framework/common/cardinality.py', reloading
 * Detected change in '/root/NiftyOptionsIntelligence/venv/lib/python3.10/site-packages/grpc/framework/common/__init__.py', reloading
 * Detected change in '/root/NiftyOptionsIntelligence/venv/lib/python3.10/site-packages/grpc/framework/common/style.py', reloading
 * Detected change in '/root/NiftyOptionsIntelligence/venv/lib/python3.10/site-packages/grpc/framework/interfaces/__init__.py', reloading
 * Detected change in '/root/NiftyOptionsIntelligence/venv/lib/python3.10/site-packages/grpc/framework/interfaces/base/utilities.py', reloading
 * Detected change in '/root/NiftyOptionsIntelligence/venv/lib/python3.10/site-packages/grpc/framework/interfaces/base/__init__.py', reloading
 * Detected change in '/root/NiftyOptionsIntelligence/venv/lib/python3.10/site-packages/grpc/framework/interfaces/base/base.py', reloading
 * Detected change in '/root/NiftyOptionsIntelligence/venv/lib/python3.10/site-packages/grpc/framework/interfaces/face/utilities.py', reloading
 * Detected change in '/root/NiftyOptionsIntelligence/venv/lib/python3.10/site-packages/grpc/framework/interfaces/face/__init__.py', reloading
 * Detected change in '/root/NiftyOptionsIntelligence/venv/lib/python3.10/site-packages/grpc/framework/interfaces/face/face.py', reloading
 * Detected change in '/root/NiftyOptionsIntelligence/venv/lib/python3.10/site-packages/grpc/framework/foundation/future.py', reloading
 * Detected change in '/root/NiftyOptionsIntelligence/venv/lib/python3.10/site-packages/grpc/framework/foundation/__init__.py', reloading
 * Detected change in '/root/NiftyOptionsIntelligence/venv/lib/python3.10/site-packages/grpc/framework/foundation/abandonment.py', reloading
 * Detected change in '/root/NiftyOptionsIntelligence/venv/lib/python3.10/site-packages/grpc/framework/foundation/callable_util.py', reloading
 * Detected change in '/root/NiftyOptionsIntelligence/venv/lib/python3.10/site-packages/grpc/framework/foundation/logging_pool.py', reloading
 * Detected change in '/root/NiftyOptionsIntelligence/venv/lib/python3.10/site-packages/grpc/framework/foundation/future.py', reloading
 * Detected change in '/root/NiftyOptionsIntelligence/venv/lib/python3.10/site-packages/grpc/framework/foundation/stream_util.py', reloading
 * Detected change in '/root/NiftyOptionsIntelligence/venv/lib/python3.10/site-packages/grpc/framework/foundation/stream.py', reloading
 * Detected change in '/root/NiftyOptionsIntelligence/venv/lib/python3.10/site-packages/grpc/framework/foundation/__init__.py', reloading
 * Detected change in '/root/NiftyOptionsIntelligence/venv/lib/python3.10/site-packages/grpc/framework/foundation/abandonment.py', reloading
 * Detected change in '/root/NiftyOptionsIntelligence/venv/lib/python3.10/site-packages/grpc/framework/foundation/__init__.py', reloading
 * Detected change in '/root/NiftyOptionsIntelligence/venv/lib/python3.10/site-packages/grpc/framework/foundation/__init__.py', reloading
 * Detected change in '/root/NiftyOptionsIntelligence/venv/lib/python3.10/site-packages/grpc/framework/foundation/__init__.py', reloading
 * Detected change in '/root/NiftyOptionsIntelligence/venv/lib/python3.10/site-packages/grpc/framework/foundation/future.py', reloading
 * Detected change in '/root/NiftyOptionsIntelligence/venv/lib/python3.10/site-packages/grpc/framework/foundation/future.py', reloading
 * Detected change in '/root/NiftyOptionsIntelligence/venv/lib/python3.10/site-packages/grpc/framework/foundation/future.py', reloading
 * Detected change in '/root/NiftyOptionsIntelligence/venv/lib/python3.10/site-packages/grpc/framework/foundation/stream_util.py', reloading
 * Detected change in '/root/NiftyOptionsIntelligence/venv/lib/python3.10/site-packages/grpc/framework/foundation/stream_util.py', reloading
 * Detected change in '/root/NiftyOptionsIntelligence/venv/lib/python3.10/site-packages/grpc/framework/foundation/stream_util.py', reloading
 * Detected change in '/root/NiftyOptionsIntelligence/venv/lib/python3.10/site-packages/grpc/framework/foundation/callable_util.py', reloading
 * Detected change in '/root/NiftyOptionsIntelligence/venv/lib/python3.10/site-packages/grpc/framework/foundation/callable_util.py', reloading
 * Detected change in '/root/NiftyOptionsIntelligence/venv/lib/python3.10/site-packages/grpc/framework/foundation/callable_util.py', reloading
 * Detected change in '/root/NiftyOptionsIntelligence/venv/lib/python3.10/site-packages/grpc/framework/foundation/logging_pool.py', reloading
 * Detected change in '/root/NiftyOptionsIntelligence/venv/lib/python3.10/site-packages/grpc/framework/foundation/logging_pool.py', reloading
 * Detected change in '/root/NiftyOptionsIntelligence/venv/lib/python3.10/site-packages/grpc/framework/foundation/logging_pool.py', reloading
 * Detected change in '/root/NiftyOptionsIntelligence/venv/lib/python3.10/site-packages/grpc/framework/foundation/stream.py', reloading
 * Detected change in '/root/NiftyOptionsIntelligence/venv/lib/python3.10/site-packages/grpc/framework/foundation/stream.py', reloading
 * Detected change in '/root/NiftyOptionsIntelligence/venv/lib/python3.10/site-packages/grpc/framework/foundation/stream.py', reloading
 * Detected change in '/root/NiftyOptionsIntelligence/venv/lib/python3.10/site-packages/grpc/aio/_typing.py', reloading
 * Detected change in '/root/NiftyOptionsIntelligence/venv/lib/python3.10/site-packages/grpc/aio/_interceptor.py', reloading
 * Detected change in '/root/NiftyOptionsIntelligence/venv/lib/python3.10/site-packages/grpc/aio/_channel.py', reloading
 * Detected change in '/root/NiftyOptionsIntelligence/venv/lib/python3.10/site-packages/grpc/aio/_server.py', reloading
 * Detected change in '/root/NiftyOptionsIntelligence/venv/lib/python3.10/site-packages/grpc/aio/_metadata.py', reloading
 * Detected change in '/root/NiftyOptionsIntelligence/venv/lib/python3.10/site-packages/grpc/aio/_call.py', reloading
 * Detected change in '/root/NiftyOptionsIntelligence/venv/lib/python3.10/site-packages/grpc/aio/_base_call.py', reloading
 * Detected change in '/root/NiftyOptionsIntelligence/venv/lib/python3.10/site-packages/grpc/aio/_base_server.py', reloading
 * Detected change in '/root/NiftyOptionsIntelligence/venv/lib/python3.10/site-packages/grpc/aio/__init__.py', reloading
 * Detected change in '/root/NiftyOptionsIntelligence/venv/lib/python3.10/site-packages/grpc/aio/_utils.py', reloading
 * Detected change in '/root/NiftyOptionsIntelligence/venv/lib/python3.10/site-packages/grpc/aio/_base_channel.py', reloading
 * Detected change in '/root/NiftyOptionsIntelligence/venv/lib/python3.10/site-packages/grpc/experimental/gevent.py', reloading
 * Detected change in '/root/NiftyOptionsIntelligence/venv/lib/python3.10/site-packages/grpc/experimental/session_cache.py', reloading
 * Detected change in '/root/NiftyOptionsIntelligence/venv/lib/python3.10/site-packages/grpc/experimental/__init__.py', reloading
 * Detected change in '/root/NiftyOptionsIntelligence/venv/lib/python3.10/site-packages/grpc/experimental/aio/__init__.py', reloading
 * Detected change in '/root/NiftyOptionsIntelligence/venv/lib/python3.10/site-packages/grpc/_cython/__init__.py', reloading
 * Detected change in '/root/NiftyOptionsIntelligence/venv/lib/python3.10/site-packages/grpc/_cython/_cygrpc/__init__.py', reloading
 * Detected change in '/root/NiftyOptionsIntelligence/venv/lib/python3.10/site-packages/grpc/beta/__init__.py', reloading
 * Detected change in '/root/NiftyOptionsIntelligence/venv/lib/python3.10/site-packages/grpc/beta/_client_adaptations.py', reloading
 * Detected change in '/root/NiftyOptionsIntelligence/venv/lib/python3.10/site-packages/grpc/beta/_client_adaptations.py', reloading
 * Detected change in '/root/NiftyOptionsIntelligence/venv/lib/python3.10/site-packages/grpc/beta/_client_adaptations.py', reloading
 * Detected change in '/root/NiftyOptionsIntelligence/venv/lib/python3.10/site-packages/grpc/beta/_client_adaptations.py', reloading
 * Detected change in '/root/NiftyOptionsIntelligence/venv/lib/python3.10/site-packages/grpc/beta/_metadata.py', reloading
 * Detected change in '/root/NiftyOptionsIntelligence/venv/lib/python3.10/site-packages/grpc/beta/_metadata.py', reloading
 * Detected change in '/root/NiftyOptionsIntelligence/venv/lib/python3.10/site-packages/grpc/beta/_metadata.py', reloading
 * Detected change in '/root/NiftyOptionsIntelligence/venv/lib/python3.10/site-packages/grpc/beta/utilities.py', reloading
 * Detected change in '/root/NiftyOptionsIntelligence/venv/lib/python3.10/site-packages/grpc/beta/utilities.py', reloading
 * Detected change in '/root/NiftyOptionsIntelligence/venv/lib/python3.10/site-packages/grpc/beta/utilities.py', reloading
 * Detected change in '/root/NiftyOptionsIntelligence/venv/lib/python3.10/site-packages/grpc/beta/interfaces.py', reloading
 * Detected change in '/root/NiftyOptionsIntelligence/venv/lib/python3.10/site-packages/grpc/beta/interfaces.py', reloading
 * Detected change in '/root/NiftyOptionsIntelligence/venv/lib/python3.10/site-packages/grpc/beta/interfaces.py', reloading
 * Detected change in '/root/NiftyOptionsIntelligence/venv/lib/python3.10/site-packages/grpc/beta/_server_adaptations.py', reloading
 * Detected change in '/root/NiftyOptionsIntelligence/venv/lib/python3.10/site-packages/grpc/beta/_server_adaptations.py', reloading
 * Detected change in '/root/NiftyOptionsIntelligence/venv/lib/python3.10/site-packages/grpc/beta/_server_adaptations.py', reloading
 * Detected change in '/root/NiftyOptionsIntelligence/venv/lib/python3.10/site-packages/grpc/beta/implementations.py', reloading
 * Detected change in '/root/NiftyOptionsIntelligence/venv/lib/python3.10/site-packages/grpc/beta/implementations.py', reloading
 * Detected change in '/root/NiftyOptionsIntelligence/venv/lib/python3.10/site-packages/grpc/beta/implementations.py', reloading
 * Detected change in '/root/NiftyOptionsIntelligence/venv/lib/python3.10/site-packages/google/api/annotations_pb2.py', reloading
 * Detected change in '/root/NiftyOptionsIntelligence/venv/lib/python3.10/site-packages/google/api/annotations_pb2.py', reloading
 * Detected change in '/root/NiftyOptionsIntelligence/venv/lib/python3.10/site-packages/google/api/annotations_pb2.py', reloading
 * Detected change in '/root/NiftyOptionsIntelligence/venv/lib/python3.10/site-packages/google/api/auth_pb2.py', reloading
 * Detected change in '/root/NiftyOptionsIntelligence/venv/lib/python3.10/site-packages/google/api/auth_pb2.py', reloading
 * Detected change in '/root/NiftyOptionsIntelligence/venv/lib/python3.10/site-packages/google/api/auth_pb2.py', reloading
 * Detected change in '/root/NiftyOptionsIntelligence/venv/lib/python3.10/site-packages/google/api/backend_pb2.py', reloading
 * Detected change in '/root/NiftyOptionsIntelligence/venv/lib/python3.10/site-packages/google/api/backend_pb2.py', reloading
 * Detected change in '/root/NiftyOptionsIntelligence/venv/lib/python3.10/site-packages/google/api/backend_pb2.py', reloading
 * Detected change in '/root/NiftyOptionsIntelligence/venv/lib/python3.10/site-packages/google/api/billing_pb2.py', reloading
 * Detected change in '/root/NiftyOptionsIntelligence/venv/lib/python3.10/site-packages/google/api/billing_pb2.py', reloading
 * Detected change in '/root/NiftyOptionsIntelligence/venv/lib/python3.10/site-packages/google/api/billing_pb2.py', reloading
 * Detected change in '/root/NiftyOptionsIntelligence/venv/lib/python3.10/site-packages/google/api/client_pb2.py', reloading
 * Detected change in '/root/NiftyOptionsIntelligence/venv/lib/python3.10/site-packages/google/api/client_pb2.py', reloading
 * Detected change in '/root/NiftyOptionsIntelligence/venv/lib/python3.10/site-packages/google/api/client_pb2.py', reloading
 * Detected change in '/root/NiftyOptionsIntelligence/venv/lib/python3.10/site-packages/google/api/config_change_pb2.py', reloading
 * Detected change in '/root/NiftyOptionsIntelligence/venv/lib/python3.10/site-packages/google/api/config_change_pb2.py', reloading
 * Detected change in '/root/NiftyOptionsIntelligence/venv/lib/python3.10/site-packages/google/api/config_change_pb2.py', reloading
 * Detected change in '/root/NiftyOptionsIntelligence/venv/lib/python3.10/site-packages/google/api/consumer_pb2.py', reloading
 * Detected change in '/root/NiftyOptionsIntelligence/venv/lib/python3.10/site-packages/google/api/consumer_pb2.py', reloading
 * Detected change in '/root/NiftyOptionsIntelligence/venv/lib/python3.10/site-packages/google/api/consumer_pb2.py', reloading
 * Detected change in '/root/NiftyOptionsIntelligence/venv/lib/python3.10/site-packages/google/api/context_pb2.py', reloading
 * Detected change in '/root/NiftyOptionsIntelligence/venv/lib/python3.10/site-packages/google/api/context_pb2.py', reloading
 * Detected change in '/root/NiftyOptionsIntelligence/venv/lib/python3.10/site-packages/google/api/context_pb2.py', reloading
 * Detected change in '/root/NiftyOptionsIntelligence/venv/lib/python3.10/site-packages/google/api/control_pb2.py', reloading
 * Detected change in '/root/NiftyOptionsIntelligence/venv/lib/python3.10/site-packages/google/api/control_pb2.py', reloading
 * Detected change in '/root/NiftyOptionsIntelligence/venv/lib/python3.10/site-packages/google/api/control_pb2.py', reloading
 * Detected change in '/root/NiftyOptionsIntelligence/venv/lib/python3.10/site-packages/google/api/distribution_pb2.py', reloading
 * Detected change in '/root/NiftyOptionsIntelligence/venv/lib/python3.10/site-packages/google/api/distribution_pb2.py', reloading
 * Detected change in '/root/NiftyOptionsIntelligence/venv/lib/python3.10/site-packages/google/api/distribution_pb2.py', reloading
 * Detected change in '/root/NiftyOptionsIntelligence/venv/lib/python3.10/site-packages/google/api/documentation_pb2.py', reloading
 * Detected change in '/root/NiftyOptionsIntelligence/venv/lib/python3.10/site-packages/google/api/documentation_pb2.py', reloading
 * Detected change in '/root/NiftyOptionsIntelligence/venv/lib/python3.10/site-packages/google/api/documentation_pb2.py', reloading
 * Detected change in '/root/NiftyOptionsIntelligence/venv/lib/python3.10/site-packages/google/api/endpoint_pb2.py', reloading
 * Detected change in '/root/NiftyOptionsIntelligence/venv/lib/python3.10/site-packages/google/api/endpoint_pb2.py', reloading
 * Detected change in '/root/NiftyOptionsIntelligence/venv/lib/python3.10/site-packages/google/api/endpoint_pb2.py', reloading
 * Detected change in '/root/NiftyOptionsIntelligence/venv/lib/python3.10/site-packages/google/api/error_reason_pb2.py', reloading
 * Detected change in '/root/NiftyOptionsIntelligence/venv/lib/python3.10/site-packages/google/api/error_reason_pb2.py', reloading
 * Detected change in '/root/NiftyOptionsIntelligence/venv/lib/python3.10/site-packages/google/api/error_reason_pb2.py', reloading
 * Detected change in '/root/NiftyOptionsIntelligence/venv/lib/python3.10/site-packages/google/api/field_behavior_pb2.py', reloading
 * Detected change in '/root/NiftyOptionsIntelligence/venv/lib/python3.10/site-packages/google/api/field_behavior_pb2.py', reloading
 * Detected change in '/root/NiftyOptionsIntelligence/venv/lib/python3.10/site-packages/google/api/field_behavior_pb2.py', reloading
 * Detected change in '/root/NiftyOptionsIntelligence/venv/lib/python3.10/site-packages/google/api/field_info_pb2.py', reloading
 * Detected change in '/root/NiftyOptionsIntelligence/venv/lib/python3.10/site-packages/google/api/field_info_pb2.py', reloading
 * Detected change in '/root/NiftyOptionsIntelligence/venv/lib/python3.10/site-packages/google/api/field_info_pb2.py', reloading
 * Detected change in '/root/NiftyOptionsIntelligence/venv/lib/python3.10/site-packages/google/api/http_pb2.py', reloading
 * Detected change in '/root/NiftyOptionsIntelligence/venv/lib/python3.10/site-packages/google/api/http_pb2.py', reloading
 * Detected change in '/root/NiftyOptionsIntelligence/venv/lib/python3.10/site-packages/google/api/http_pb2.py', reloading
 * Detected change in '/root/NiftyOptionsIntelligence/venv/lib/python3.10/site-packages/google/api/httpbody_pb2.py', reloading
 * Detected change in '/root/NiftyOptionsIntelligence/venv/lib/python3.10/site-packages/google/api/httpbody_pb2.py', reloading
 * Detected change in '/root/NiftyOptionsIntelligence/venv/lib/python3.10/site-packages/google/api/httpbody_pb2.py', reloading
 * Detected change in '/root/NiftyOptionsIntelligence/venv/lib/python3.10/site-packages/google/api/label_pb2.py', reloading
 * Detected change in '/root/NiftyOptionsIntelligence/venv/lib/python3.10/site-packages/google/api/label_pb2.py', reloading
 * Detected change in '/root/NiftyOptionsIntelligence/venv/lib/python3.10/site-packages/google/api/label_pb2.py', reloading
 * Detected change in '/root/NiftyOptionsIntelligence/venv/lib/python3.10/site-packages/google/api/launch_stage_pb2.py', reloading
 * Detected change in '/root/NiftyOptionsIntelligence/venv/lib/python3.10/site-packages/google/api/launch_stage_pb2.py', reloading
 * Detected change in '/root/NiftyOptionsIntelligence/venv/lib/python3.10/site-packages/google/api/launch_stage_pb2.py', reloading
 * Detected change in '/root/NiftyOptionsIntelligence/venv/lib/python3.10/site-packages/google/api/log_pb2.py', reloading
 * Detected change in '/root/NiftyOptionsIntelligence/venv/lib/python3.10/site-packages/google/api/log_pb2.py', reloading
 * Detected change in '/root/NiftyOptionsIntelligence/venv/lib/python3.10/site-packages/google/api/log_pb2.py', reloading
 * Detected change in '/root/NiftyOptionsIntelligence/venv/lib/python3.10/site-packages/google/api/logging_pb2.py', reloading
 * Detected change in '/root/NiftyOptionsIntelligence/venv/lib/python3.10/site-packages/google/api/logging_pb2.py', reloading
 * Detected change in '/root/NiftyOptionsIntelligence/venv/lib/python3.10/site-packages/google/api/logging_pb2.py', reloading
 * Detected change in '/root/NiftyOptionsIntelligence/venv/lib/python3.10/site-packages/google/api/metric_pb2.py', reloading
 * Detected change in '/root/NiftyOptionsIntelligence/venv/lib/python3.10/site-packages/google/api/metric_pb2.py', reloading
 * Detected change in '/root/NiftyOptionsIntelligence/venv/lib/python3.10/site-packages/google/api/metric_pb2.py', reloading
 * Detected change in '/root/NiftyOptionsIntelligence/venv/lib/python3.10/site-packages/google/api/monitored_resource_pb2.py', reloading
 * Detected change in '/root/NiftyOptionsIntelligence/venv/lib/python3.10/site-packages/google/api/monitored_resource_pb2.py', reloading
 * Detected change in '/root/NiftyOptionsIntelligence/venv/lib/python3.10/site-packages/google/api/monitored_resource_pb2.py', reloading
 * Detected change in '/root/NiftyOptionsIntelligence/venv/lib/python3.10/site-packages/google/api/monitoring_pb2.py', reloading
 * Detected change in '/root/NiftyOptionsIntelligence/venv/lib/python3.10/site-packages/google/api/monitoring_pb2.py', reloading
 * Detected change in '/root/NiftyOptionsIntelligence/venv/lib/python3.10/site-packages/google/api/monitoring_pb2.py', reloading
 * Detected change in '/root/NiftyOptionsIntelligence/venv/lib/python3.10/site-packages/google/api/policy_pb2.py', reloading
 * Detected change in '/root/NiftyOptionsIntelligence/venv/lib/python3.10/site-packages/google/api/policy_pb2.py', reloading
 * Detected change in '/root/NiftyOptionsIntelligence/venv/lib/python3.10/site-packages/google/api/policy_pb2.py', reloading
 * Detected change in '/root/NiftyOptionsIntelligence/venv/lib/python3.10/site-packages/google/api/quota_pb2.py', reloading
 * Detected change in '/root/NiftyOptionsIntelligence/venv/lib/python3.10/site-packages/google/api/quota_pb2.py', reloading
 * Detected change in '/root/NiftyOptionsIntelligence/venv/lib/python3.10/site-packages/google/api/quota_pb2.py', reloading
 * Detected change in '/root/NiftyOptionsIntelligence/venv/lib/python3.10/site-packages/google/api/resource_pb2.py', reloading
 * Detected change in '/root/NiftyOptionsIntelligence/venv/lib/python3.10/site-packages/google/api/resource_pb2.py', reloading
 * Detected change in '/root/NiftyOptionsIntelligence/venv/lib/python3.10/site-packages/google/api/resource_pb2.py', reloading
 * Detected change in '/root/NiftyOptionsIntelligence/venv/lib/python3.10/site-packages/google/api/routing_pb2.py', reloading
 * Detected change in '/root/NiftyOptionsIntelligence/venv/lib/python3.10/site-packages/google/api/routing_pb2.py', reloading
 * Detected change in '/root/NiftyOptionsIntelligence/venv/lib/python3.10/site-packages/google/api/routing_pb2.py', reloading
 * Detected change in '/root/NiftyOptionsIntelligence/venv/lib/python3.10/site-packages/google/api/service_pb2.py', reloading
 * Detected change in '/root/NiftyOptionsIntelligence/venv/lib/python3.10/site-packages/google/api/service_pb2.py', reloading
 * Detected change in '/root/NiftyOptionsIntelligence/venv/lib/python3.10/site-packages/google/api/service_pb2.py', reloading
 * Detected change in '/root/NiftyOptionsIntelligence/venv/lib/python3.10/site-packages/google/api/source_info_pb2.py', reloading
 * Detected change in '/root/NiftyOptionsIntelligence/venv/lib/python3.10/site-packages/google/api/source_info_pb2.py', reloading
 * Detected change in '/root/NiftyOptionsIntelligence/venv/lib/python3.10/site-packages/google/api/source_info_pb2.py', reloading
 * Detected change in '/root/NiftyOptionsIntelligence/venv/lib/python3.10/site-packages/google/api/system_parameter_pb2.py', reloading
 * Detected change in '/root/NiftyOptionsIntelligence/venv/lib/python3.10/site-packages/google/api/system_parameter_pb2.py', reloading
 * Detected change in '/root/NiftyOptionsIntelligence/venv/lib/python3.10/site-packages/google/api/system_parameter_pb2.py', reloading
 * Detected change in '/root/NiftyOptionsIntelligence/venv/lib/python3.10/site-packages/google/api/usage_pb2.py', reloading
 * Detected change in '/root/NiftyOptionsIntelligence/venv/lib/python3.10/site-packages/google/api/usage_pb2.py', reloading
 * Detected change in '/root/NiftyOptionsIntelligence/venv/lib/python3.10/site-packages/google/api/usage_pb2.py', reloading
 * Detected change in '/root/NiftyOptionsIntelligence/venv/lib/python3.10/site-packages/google/api/visibility_pb2.py', reloading
 * Detected change in '/root/NiftyOptionsIntelligence/venv/lib/python3.10/site-packages/google/api/visibility_pb2.py', reloading
 * Detected change in '/root/NiftyOptionsIntelligence/venv/lib/python3.10/site-packages/google/api/visibility_pb2.py', reloading
 * Detected change in '/root/NiftyOptionsIntelligence/venv/lib/python3.10/site-packages/google/cloud/extended_operations_pb2.py', reloading
 * Detected change in '/root/NiftyOptionsIntelligence/venv/lib/python3.10/site-packages/google/cloud/location/locations_pb2.py', reloading
 * Detected change in '/root/NiftyOptionsIntelligence/venv/lib/python3.10/site-packages/google/gapic/metadata/gapic_metadata_pb2.py', reloading
 * Detected change in '/root/NiftyOptionsIntelligence/venv/lib/python3.10/site-packages/google/logging/type/log_severity_pb2.py', reloading
 * Detected change in '/root/NiftyOptionsIntelligence/venv/lib/python3.10/site-packages/google/logging/type/http_request_pb2.py', reloading
 * Detected change in '/root/NiftyOptionsIntelligence/venv/lib/python3.10/site-packages/google/longrunning/operations_proto_pb2.py', reloading
 * Detected change in '/root/NiftyOptionsIntelligence/venv/lib/python3.10/site-packages/google/longrunning/operations_grpc.py', reloading
 * Detected change in '/root/NiftyOptionsIntelligence/venv/lib/python3.10/site-packages/google/longrunning/operations_pb2_grpc.py', reloading
 * Detected change in '/root/NiftyOptionsIntelligence/venv/lib/python3.10/site-packages/google/longrunning/operations_pb2.py', reloading
 * Detected change in '/root/NiftyOptionsIntelligence/venv/lib/python3.10/site-packages/google/longrunning/operations_proto.py', reloading
 * Detected change in '/root/NiftyOptionsIntelligence/venv/lib/python3.10/site-packages/google/longrunning/operations_grpc_pb2.py', reloading
 * Detected change in '/root/NiftyOptionsIntelligence/venv/lib/python3.10/site-packages/google/rpc/error_details_pb2.py', reloading
 * Detected change in '/root/NiftyOptionsIntelligence/venv/lib/python3.10/site-packages/google/rpc/status_pb2.py', reloading
 * Detected change in '/root/NiftyOptionsIntelligence/venv/lib/python3.10/site-packages/google/rpc/http_pb2.py', reloading
 * Detected change in '/root/NiftyOptionsIntelligence/venv/lib/python3.10/site-packages/google/rpc/code_pb2.py', reloading
 * Detected change in '/root/NiftyOptionsIntelligence/venv/lib/python3.10/site-packages/google/rpc/context/audit_context_pb2.py', reloading
 * Detected change in '/root/NiftyOptionsIntelligence/venv/lib/python3.10/site-packages/google/rpc/context/attribute_context_pb2.py', reloading
 * Detected change in '/root/NiftyOptionsIntelligence/venv/lib/python3.10/site-packages/google/type/month_pb2.py', reloading
 * Detected change in '/root/NiftyOptionsIntelligence/venv/lib/python3.10/site-packages/google/type/timeofday_pb2.py', reloading
 * Detected change in '/root/NiftyOptionsIntelligence/venv/lib/python3.10/site-packages/google/type/calendar_period_pb2.py', reloading
 * Detected change in '/root/NiftyOptionsIntelligence/venv/lib/python3.10/site-packages/google/type/expr_pb2.py', reloading
 * Detected change in '/root/NiftyOptionsIntelligence/venv/lib/python3.10/site-packages/google/type/dayofweek_pb2.py', reloading
 * Detected change in '/root/NiftyOptionsIntelligence/venv/lib/python3.10/site-packages/google/type/decimal_pb2.py', reloading
 * Detected change in '/root/NiftyOptionsIntelligence/venv/lib/python3.10/site-packages/google/type/interval_pb2.py', reloading
 * Detected change in '/root/NiftyOptionsIntelligence/venv/lib/python3.10/site-packages/google/type/localized_text_pb2.py', reloading
 * Detected change in '/root/NiftyOptionsIntelligence/venv/lib/python3.10/site-packages/google/type/phone_number_pb2.py', reloading
 * Detected change in '/root/NiftyOptionsIntelligence/venv/lib/python3.10/site-packages/google/type/quaternion_pb2.py', reloading
 * Detected change in '/root/NiftyOptionsIntelligence/venv/lib/python3.10/site-packages/google/type/postal_address_pb2.py', reloading
 * Detected change in '/root/NiftyOptionsIntelligence/venv/lib/python3.10/site-packages/google/type/money_pb2.py', reloading
 * Detected change in '/root/NiftyOptionsIntelligence/venv/lib/python3.10/site-packages/google/type/latlng_pb2.py', reloading
 * Detected change in '/root/NiftyOptionsIntelligence/venv/lib/python3.10/site-packages/google/type/datetime_pb2.py', reloading
 * Detected change in '/root/NiftyOptionsIntelligence/venv/lib/python3.10/site-packages/google/type/fraction_pb2.py', reloading
 * Detected change in '/root/NiftyOptionsIntelligence/venv/lib/python3.10/site-packages/google/type/color_pb2.py', reloading
 * Detected change in '/root/NiftyOptionsIntelligence/venv/lib/python3.10/site-packages/google/type/date_pb2.py', reloading
 * Detected change in '/root/NiftyOptionsIntelligence/venv/lib/python3.10/site-packages/cachetools/func.py', reloading
 * Detected change in '/root/NiftyOptionsIntelligence/venv/lib/python3.10/site-packages/cachetools/_decorators.py', reloading
 * Detected change in '/root/NiftyOptionsIntelligence/venv/lib/python3.10/site-packages/cachetools/__init__.py', reloading
 * Detected change in '/root/NiftyOptionsIntelligence/venv/lib/python3.10/site-packages/cachetools/keys.py', reloading
 * Detected change in '/root/NiftyOptionsIntelligence/venv/lib/python3.10/site-packages/~achetools/func.py', reloading
 * Detected change in '/root/NiftyOptionsIntelligence/venv/lib/python3.10/site-packages/~achetools/_cached.py', reloading
 * Detected change in '/root/NiftyOptionsIntelligence/venv/lib/python3.10/site-packages/~achetools/_cachedmethod.py', reloading
 * Detected change in '/root/NiftyOptionsIntelligence/venv/lib/python3.10/site-packages/~achetools/__init__.py', reloading
 * Detected change in '/root/NiftyOptionsIntelligence/venv/lib/python3.10/site-packages/~achetools/keys.py', reloading
 * Detected change in '/root/NiftyOptionsIntelligence/venv/lib/python3.10/site-packages/grpc_status/rpc_status.py', reloading
 * Detected change in '/root/NiftyOptionsIntelligence/venv/lib/python3.10/site-packages/grpc_status/_common.py', reloading
 * Detected change in '/root/NiftyOptionsIntelligence/venv/lib/python3.10/site-packages/grpc_status/__init__.py', reloading
 * Detected change in '/root/NiftyOptionsIntelligence/venv/lib/python3.10/site-packages/grpc_status/_async.py', reloading
 * Detected change in '/root/NiftyOptionsIntelligence/venv/lib/python3.10/site-packages/google/auth/_cloud_sdk.py', reloading
 * Detected change in '/root/NiftyOptionsIntelligence/venv/lib/python3.10/site-packages/google/auth/metrics.py', reloading
 * Detected change in '/root/NiftyOptionsIntelligence/venv/lib/python3.10/site-packages/google/auth/api_key.py', reloading
 * Detected change in '/root/NiftyOptionsIntelligence/venv/lib/python3.10/site-packages/google/auth/_default_async.py', reloading
 * Detected change in '/root/NiftyOptionsIntelligence/venv/lib/python3.10/site-packages/google/auth/_oauth2client.py', reloading
 * Detected change in '/root/NiftyOptionsIntelligence/venv/lib/python3.10/site-packages/google/auth/external_account_authorized_user.py', reloading
 * Detected change in '/root/NiftyOptionsIntelligence/venv/lib/python3.10/site-packages/google/auth/iam.py', reloading
 * Detected change in '/root/NiftyOptionsIntelligence/venv/lib/python3.10/site-packages/google/auth/_refresh_worker.py', reloading
 * Detected change in '/root/NiftyOptionsIntelligence/venv/lib/python3.10/site-packages/google/auth/_credentials_base.py', reloading
 * Detected change in '/root/NiftyOptionsIntelligence/venv/lib/python3.10/site-packages/google/auth/identity_pool.py', reloading
 * Detected change in '/root/NiftyOptionsIntelligence/venv/lib/python3.10/site-packages/google/auth/_exponential_backoff.py', reloading
 * Detected change in '/root/NiftyOptionsIntelligence/venv/lib/python3.10/site-packages/google/auth/_service_account_info.py', reloading
 * Detected change in '/root/NiftyOptionsIntelligence/venv/lib/python3.10/site-packages/google/auth/_credentials_async.py', reloading
 * Detected change in '/root/NiftyOptionsIntelligence/venv/lib/python3.10/site-packages/google/auth/pluggable.py', reloading
 * Detected change in '/root/NiftyOptionsIntelligence/venv/lib/python3.10/site-packages/google/auth/external_account.py', reloading
 * Detected change in '/root/NiftyOptionsIntelligence/venv/lib/python3.10/site-packages/google/auth/environment_vars.py', reloading
 * Detected change in '/root/NiftyOptionsIntelligence/venv/lib/python3.10/site-packages/google/auth/aws.py', reloading
 * Detected change in '/root/NiftyOptionsIntelligence/venv/lib/python3.10/site-packages/google/auth/_jwt_async.py', reloading
 * Detected change in '/root/NiftyOptionsIntelligence/venv/lib/python3.10/site-packages/google/auth/__init__.py', reloading
 * Detected change in '/root/NiftyOptionsIntelligence/venv/lib/python3.10/site-packages/google/auth/_helpers.py', reloading
 * Detected change in '/root/NiftyOptionsIntelligence/venv/lib/python3.10/site-packages/google/auth/jwt.py', reloading
 * Detected change in '/root/NiftyOptionsIntelligence/venv/lib/python3.10/site-packages/google/auth/app_engine.py', reloading
 * Detected change in '/root/NiftyOptionsIntelligence/venv/lib/python3.10/site-packages/google/auth/impersonated_credentials.py', reloading
 * Detected change in '/root/NiftyOptionsIntelligence/venv/lib/python3.10/site-packages/google/auth/exceptions.py', reloading
 * Detected change in '/root/NiftyOptionsIntelligence/venv/lib/python3.10/site-packages/google/auth/credentials.py', reloading
 * Detected change in '/root/NiftyOptionsIntelligence/venv/lib/python3.10/site-packages/google/auth/_default.py', reloading
 * Detected change in '/root/NiftyOptionsIntelligence/venv/lib/python3.10/site-packages/google/auth/downscoped.py', reloading
 * Detected change in '/root/NiftyOptionsIntelligence/venv/lib/python3.10/site-packages/google/auth/_service_account_info.py', reloading
 * Detected change in '/root/NiftyOptionsIntelligence/venv/lib/python3.10/site-packages/google/auth/_service_account_info.py', reloading
 * Detected change in '/root/NiftyOptionsIntelligence/venv/lib/python3.10/site-packages/google/auth/api_key.py', reloading
 * Detected change in '/root/NiftyOptionsIntelligence/venv/lib/python3.10/site-packages/google/auth/api_key.py', reloading
 * Detected change in '/root/NiftyOptionsIntelligence/venv/lib/python3.10/site-packages/google/auth/api_key.py', reloading
 * Detected change in '/root/NiftyOptionsIntelligence/venv/lib/python3.10/site-packages/google/auth/app_engine.py', reloading
 * Detected change in '/root/NiftyOptionsIntelligence/venv/lib/python3.10/site-packages/google/auth/app_engine.py', reloading
 * Detected change in '/root/NiftyOptionsIntelligence/venv/lib/python3.10/site-packages/google/auth/app_engine.py', reloading
 * Detected change in '/root/NiftyOptionsIntelligence/venv/lib/python3.10/site-packages/google/auth/aws.py', reloading
 * Detected change in '/root/NiftyOptionsIntelligence/venv/lib/python3.10/site-packages/google/auth/aws.py', reloading
 * Detected change in '/root/NiftyOptionsIntelligence/venv/lib/python3.10/site-packages/google/auth/aws.py', reloading
 * Detected change in '/root/NiftyOptionsIntelligence/venv/lib/python3.10/site-packages/google/auth/credentials.py', reloading
 * Detected change in '/root/NiftyOptionsIntelligence/venv/lib/python3.10/site-packages/google/auth/credentials.py', reloading
 * Detected change in '/root/NiftyOptionsIntelligence/venv/lib/python3.10/site-packages/google/auth/credentials.py', reloading
 * Detected change in '/root/NiftyOptionsIntelligence/venv/lib/python3.10/site-packages/google/auth/downscoped.py', reloading
 * Detected change in '/root/NiftyOptionsIntelligence/venv/lib/python3.10/site-packages/google/auth/downscoped.py', reloading
 * Detected change in '/root/NiftyOptionsIntelligence/venv/lib/python3.10/site-packages/google/auth/downscoped.py', reloading
 * Detected change in '/root/NiftyOptionsIntelligence/venv/lib/python3.10/site-packages/google/auth/environment_vars.py', reloading
 * Detected change in '/root/NiftyOptionsIntelligence/venv/lib/python3.10/site-packages/google/auth/environment_vars.py', reloading
 * Detected change in '/root/NiftyOptionsIntelligence/venv/lib/python3.10/site-packages/google/auth/environment_vars.py', reloading
 * Detected change in '/root/NiftyOptionsIntelligence/venv/lib/python3.10/site-packages/google/auth/exceptions.py', reloading
 * Detected change in '/root/NiftyOptionsIntelligence/venv/lib/python3.10/site-packages/google/auth/exceptions.py', reloading
 * Detected change in '/root/NiftyOptionsIntelligence/venv/lib/python3.10/site-packages/google/auth/exceptions.py', reloading
 * Detected change in '/root/NiftyOptionsIntelligence/venv/lib/python3.10/site-packages/google/auth/external_account.py', reloading
 * Detected change in '/root/NiftyOptionsIntelligence/venv/lib/python3.10/site-packages/google/auth/external_account.py', reloading
 * Detected change in '/root/NiftyOptionsIntelligence/venv/lib/python3.10/site-packages/google/auth/external_account.py', reloading
 * Detected change in '/root/NiftyOptionsIntelligence/venv/lib/python3.10/site-packages/google/auth/external_account_authorized_user.py', reloading
 * Detected change in '/root/NiftyOptionsIntelligence/venv/lib/python3.10/site-packages/google/auth/external_account_authorized_user.py', reloading
 * Detected change in '/root/NiftyOptionsIntelligence/venv/lib/python3.10/site-packages/google/auth/external_account_authorized_user.py', reloading
 * Detected change in '/root/NiftyOptionsIntelligence/venv/lib/python3.10/site-packages/google/auth/iam.py', reloading
 * Detected change in '/root/NiftyOptionsIntelligence/venv/lib/python3.10/site-packages/google/auth/iam.py', reloading
 * Detected change in '/root/NiftyOptionsIntelligence/venv/lib/python3.10/site-packages/google/auth/iam.py', reloading
 * Detected change in '/root/NiftyOptionsIntelligence/venv/lib/python3.10/site-packages/google/auth/identity_pool.py', reloading
 * Detected change in '/root/NiftyOptionsIntelligence/venv/lib/python3.10/site-packages/google/auth/identity_pool.py', reloading
 * Detected change in '/root/NiftyOptionsIntelligence/venv/lib/python3.10/site-packages/google/auth/identity_pool.py', reloading
 * Detected change in '/root/NiftyOptionsIntelligence/venv/lib/python3.10/site-packages/google/auth/impersonated_credentials.py', reloading
 * Detected change in '/root/NiftyOptionsIntelligence/venv/lib/python3.10/site-packages/google/auth/impersonated_credentials.py', reloading
 * Detected change in '/root/NiftyOptionsIntelligence/venv/lib/python3.10/site-packages/google/auth/impersonated_credentials.py', reloading
 * Detected change in '/root/NiftyOptionsIntelligence/venv/lib/python3.10/site-packages/google/auth/jwt.py', reloading
 * Detected change in '/root/NiftyOptionsIntelligence/venv/lib/python3.10/site-packages/google/auth/jwt.py', reloading
 * Detected change in '/root/NiftyOptionsIntelligence/venv/lib/python3.10/site-packages/google/auth/jwt.py', reloading
 * Detected change in '/root/NiftyOptionsIntelligence/venv/lib/python3.10/site-packages/google/auth/metrics.py', reloading
 * Detected change in '/root/NiftyOptionsIntelligence/venv/lib/python3.10/site-packages/google/auth/metrics.py', reloading
 * Detected change in '/root/NiftyOptionsIntelligence/venv/lib/python3.10/site-packages/google/auth/metrics.py', reloading
 * Detected change in '/root/NiftyOptionsIntelligence/venv/lib/python3.10/site-packages/google/auth/pluggable.py', reloading
 * Detected change in '/root/NiftyOptionsIntelligence/venv/lib/python3.10/site-packages/google/auth/pluggable.py', reloading
 * Detected change in '/root/NiftyOptionsIntelligence/venv/lib/python3.10/site-packages/google/auth/pluggable.py', reloading
 * Detected change in '/root/NiftyOptionsIntelligence/venv/lib/python3.10/site-packages/google/auth/version.py', reloading
 * Detected change in '/root/NiftyOptionsIntelligence/venv/lib/python3.10/site-packages/google/auth/version.py', reloading
 * Detected change in '/root/NiftyOptionsIntelligence/venv/lib/python3.10/site-packages/google/auth/version.py', reloading
 * Detected change in '/root/NiftyOptionsIntelligence/venv/lib/python3.10/site-packages/google/auth/aio/__init__.py', reloading
 * Detected change in '/root/NiftyOptionsIntelligence/venv/lib/python3.10/site-packages/google/auth/aio/_helpers.py', reloading
 * Detected change in '/root/NiftyOptionsIntelligence/venv/lib/python3.10/site-packages/google/auth/aio/credentials.py', reloading
 * Detected change in '/root/NiftyOptionsIntelligence/venv/lib/python3.10/site-packages/google/auth/aio/transport/sessions.py', reloading
 * Detected change in '/root/NiftyOptionsIntelligence/venv/lib/python3.10/site-packages/google/auth/aio/transport/aiohttp.py', reloading
 * Detected change in '/root/NiftyOptionsIntelligence/venv/lib/python3.10/site-packages/google/auth/aio/transport/__init__.py', reloading
 * Detected change in '/root/NiftyOptionsIntelligence/venv/lib/python3.10/site-packages/google/auth/compute_engine/_metadata.py', reloading
 * Detected change in '/root/NiftyOptionsIntelligence/venv/lib/python3.10/site-packages/google/auth/compute_engine/__init__.py', reloading
 * Detected change in '/root/NiftyOptionsIntelligence/venv/lib/python3.10/site-packages/google/auth/compute_engine/credentials.py', reloading
 * Detected change in '/root/NiftyOptionsIntelligence/venv/lib/python3.10/site-packages/google/auth/crypt/es256.py', reloading
 * Detected change in '/root/NiftyOptionsIntelligence/venv/lib/python3.10/site-packages/google/auth/crypt/rsa.py', reloading
 * Detected change in '/root/NiftyOptionsIntelligence/venv/lib/python3.10/site-packages/google/auth/crypt/_cryptography_rsa.py', reloading
 * Detected change in '/root/NiftyOptionsIntelligence/venv/lib/python3.10/site-packages/google/auth/crypt/_python_rsa.py', reloading
 * Detected change in '/root/NiftyOptionsIntelligence/venv/lib/python3.10/site-packages/google/auth/crypt/__init__.py', reloading
 * Detected change in '/root/NiftyOptionsIntelligence/venv/lib/python3.10/site-packages/google/auth/crypt/_helpers.py', reloading
 * Detected change in '/root/NiftyOptionsIntelligence/venv/lib/python3.10/site-packages/google/auth/crypt/base.py', reloading
 * Detected change in '/root/NiftyOptionsIntelligence/venv/lib/python3.10/site-packages/google/auth/transport/mtls.py', reloading
 * Detected change in '/root/NiftyOptionsIntelligence/venv/lib/python3.10/site-packages/google/auth/transport/_aiohttp_requests.py', reloading
 * Detected change in '/root/NiftyOptionsIntelligence/venv/lib/python3.10/site-packages/google/auth/transport/_requests_base.py', reloading
 * Detected change in '/root/NiftyOptionsIntelligence/venv/lib/python3.10/site-packages/google/auth/transport/requests.py', reloading
 * Detected change in '/root/NiftyOptionsIntelligence/venv/lib/python3.10/site-packages/google/auth/transport/_mtls_helper.py', reloading
 * Detected change in '/root/NiftyOptionsIntelligence/venv/lib/python3.10/site-packages/google/auth/transport/__init__.py', reloading
 * Detected change in '/root/NiftyOptionsIntelligence/venv/lib/python3.10/site-packages/google/auth/transport/_http_client.py', reloading
 * Detected change in '/root/NiftyOptionsIntelligence/venv/lib/python3.10/site-packages/google/auth/transport/urllib3.py', reloading
 * Detected change in '/root/NiftyOptionsIntelligence/venv/lib/python3.10/site-packages/google/auth/transport/_custom_tls_signer.py', reloading
 * Detected change in '/root/NiftyOptionsIntelligence/venv/lib/python3.10/site-packages/google/auth/transport/grpc.py', reloading
 * Detected change in '/root/NiftyOptionsIntelligence/venv/lib/python3.10/site-packages/google/oauth2/webauthn_handler_factory.py', reloading
 * Detected change in '/root/NiftyOptionsIntelligence/venv/lib/python3.10/site-packages/google/oauth2/webauthn_handler.py', reloading
 * Detected change in '/root/NiftyOptionsIntelligence/venv/lib/python3.10/site-packages/google/oauth2/_reauth_async.py', reloading
 * Detected change in '/root/NiftyOptionsIntelligence/venv/lib/python3.10/site-packages/google/oauth2/reauth.py', reloading
 * Detected change in '/root/NiftyOptionsIntelligence/venv/lib/python3.10/site-packages/google/oauth2/_service_account_async.py', reloading
 * Detected change in '/root/NiftyOptionsIntelligence/venv/lib/python3.10/site-packages/google/oauth2/_client.py', reloading
 * Detected change in '/root/NiftyOptionsIntelligence/venv/lib/python3.10/site-packages/google/oauth2/utils.py', reloading
 * Detected change in '/root/NiftyOptionsIntelligence/venv/lib/python3.10/site-packages/google/oauth2/service_account.py', reloading
 * Detected change in '/root/NiftyOptionsIntelligence/venv/lib/python3.10/site-packages/google/oauth2/gdch_credentials.py', reloading
 * Detected change in '/root/NiftyOptionsIntelligence/venv/lib/python3.10/site-packages/google/oauth2/challenges.py', reloading
 * Detected change in '/root/NiftyOptionsIntelligence/venv/lib/python3.10/site-packages/google/oauth2/webauthn_types.py', reloading
 * Detected change in '/root/NiftyOptionsIntelligence/venv/lib/python3.10/site-packages/google/oauth2/_client_async.py', reloading
 * Detected change in '/root/NiftyOptionsIntelligence/venv/lib/python3.10/site-packages/google/oauth2/_credentials_async.py', reloading
 * Detected change in '/root/NiftyOptionsIntelligence/venv/lib/python3.10/site-packages/google/oauth2/sts.py', reloading
 * Detected change in '/root/NiftyOptionsIntelligence/venv/lib/python3.10/site-packages/google/oauth2/__init__.py', reloading
 * Detected change in '/root/NiftyOptionsIntelligence/venv/lib/python3.10/site-packages/google/oauth2/credentials.py', reloading
 * Detected change in '/root/NiftyOptionsIntelligence/venv/lib/python3.10/site-packages/google/oauth2/id_token.py', reloading
 * Detected change in '/root/NiftyOptionsIntelligence/venv/lib/python3.10/site-packages/google/oauth2/_id_token_async.py', reloading
 * Detected change in '/root/NiftyOptionsIntelligence/venv/lib/python3.10/site-packages/google/api_core/__init__.py', reloading
 * Detected change in '/root/NiftyOptionsIntelligence/venv/lib/python3.10/site-packages/google/api_core/__init__.py', reloading
 * Detected change in '/root/NiftyOptionsIntelligence/venv/lib/python3.10/site-packages/google/api_core/__init__.py', reloading
 * Detected change in '/root/NiftyOptionsIntelligence/venv/lib/python3.10/site-packages/google/api_core/_rest_streaming_base.py', reloading
 * Detected change in '/root/NiftyOptionsIntelligence/venv/lib/python3.10/site-packages/google/api_core/_rest_streaming_base.py', reloading
 * Detected change in '/root/NiftyOptionsIntelligence/venv/lib/python3.10/site-packages/google/api_core/_rest_streaming_base.py', reloading
 * Detected change in '/root/NiftyOptionsIntelligence/venv/lib/python3.10/site-packages/google/api_core/bidi.py', reloading
 * Detected change in '/root/NiftyOptionsIntelligence/venv/lib/python3.10/site-packages/google/api_core/bidi.py', reloading
 * Detected change in '/root/NiftyOptionsIntelligence/venv/lib/python3.10/site-packages/google/api_core/bidi.py', reloading
 * Detected change in '/root/NiftyOptionsIntelligence/venv/lib/python3.10/site-packages/google/api_core/client_info.py', reloading
 * Detected change in '/root/NiftyOptionsIntelligence/venv/lib/python3.10/site-packages/google/api_core/client_info.py', reloading
 * Detected change in '/root/NiftyOptionsIntelligence/venv/lib/python3.10/site-packages/google/api_core/client_info.py', reloading
 * Detected change in '/root/NiftyOptionsIntelligence/venv/lib/python3.10/site-packages/google/api_core/client_logging.py', reloading
 * Detected change in '/root/NiftyOptionsIntelligence/venv/lib/python3.10/site-packages/google/api_core/client_logging.py', reloading
 * Detected change in '/root/NiftyOptionsIntelligence/venv/lib/python3.10/site-packages/google/api_core/client_logging.py', reloading
 * Detected change in '/root/NiftyOptionsIntelligence/venv/lib/python3.10/site-packages/google/api_core/client_options.py', reloading
 * Detected change in '/root/NiftyOptionsIntelligence/venv/lib/python3.10/site-packages/google/api_core/client_options.py', reloading
 * Detected change in '/root/NiftyOptionsIntelligence/venv/lib/python3.10/site-packages/google/api_core/client_options.py', reloading
 * Detected change in '/root/NiftyOptionsIntelligence/venv/lib/python3.10/site-packages/google/api_core/datetime_helpers.py', reloading
 * Detected change in '/root/NiftyOptionsIntelligence/venv/lib/python3.10/site-packages/google/api_core/datetime_helpers.py', reloading
 * Detected change in '/root/NiftyOptionsIntelligence/venv/lib/python3.10/site-packages/google/api_core/datetime_helpers.py', reloading
 * Detected change in '/root/NiftyOptionsIntelligence/venv/lib/python3.10/site-packages/google/api_core/exceptions.py', reloading
 * Detected change in '/root/NiftyOptionsIntelligence/venv/lib/python3.10/site-packages/google/api_core/exceptions.py', reloading
 * Detected change in '/root/NiftyOptionsIntelligence/venv/lib/python3.10/site-packages/google/api_core/exceptions.py', reloading
 * Detected change in '/root/NiftyOptionsIntelligence/venv/lib/python3.10/site-packages/google/api_core/extended_operation.py', reloading
 * Detected change in '/root/NiftyOptionsIntelligence/venv/lib/python3.10/site-packages/google/api_core/extended_operation.py', reloading
 * Detected change in '/root/NiftyOptionsIntelligence/venv/lib/python3.10/site-packages/google/api_core/extended_operation.py', reloading
 * Detected change in '/root/NiftyOptionsIntelligence/venv/lib/python3.10/site-packages/google/api_core/general_helpers.py', reloading
 * Detected change in '/root/NiftyOptionsIntelligence/venv/lib/python3.10/site-packages/google/api_core/general_helpers.py', reloading
 * Detected change in '/root/NiftyOptionsIntelligence/venv/lib/python3.10/site-packages/google/api_core/general_helpers.py', reloading
 * Detected change in '/root/NiftyOptionsIntelligence/venv/lib/python3.10/site-packages/google/api_core/grpc_helpers.py', reloading
 * Detected change in '/root/NiftyOptionsIntelligence/venv/lib/python3.10/site-packages/google/api_core/grpc_helpers.py', reloading
 * Detected change in '/root/NiftyOptionsIntelligence/venv/lib/python3.10/site-packages/google/api_core/grpc_helpers.py', reloading
 * Detected change in '/root/NiftyOptionsIntelligence/venv/lib/python3.10/site-packages/google/api_core/grpc_helpers_async.py', reloading
 * Detected change in '/root/NiftyOptionsIntelligence/venv/lib/python3.10/site-packages/google/api_core/grpc_helpers_async.py', reloading
 * Detected change in '/root/NiftyOptionsIntelligence/venv/lib/python3.10/site-packages/google/api_core/grpc_helpers_async.py', reloading
 * Detected change in '/root/NiftyOptionsIntelligence/venv/lib/python3.10/site-packages/google/api_core/iam.py', reloading
 * Detected change in '/root/NiftyOptionsIntelligence/venv/lib/python3.10/site-packages/google/api_core/iam.py', reloading
 * Detected change in '/root/NiftyOptionsIntelligence/venv/lib/python3.10/site-packages/google/api_core/iam.py', reloading
 * Detected change in '/root/NiftyOptionsIntelligence/venv/lib/python3.10/site-packages/google/api_core/operation.py', reloading
 * Detected change in '/root/NiftyOptionsIntelligence/venv/lib/python3.10/site-packages/google/api_core/operation.py', reloading
 * Detected change in '/root/NiftyOptionsIntelligence/venv/lib/python3.10/site-packages/google/api_core/operation.py', reloading
 * Detected change in '/root/NiftyOptionsIntelligence/venv/lib/python3.10/site-packages/google/api_core/operation_async.py', reloading
 * Detected change in '/root/NiftyOptionsIntelligence/venv/lib/python3.10/site-packages/google/api_core/operation_async.py', reloading
 * Detected change in '/root/NiftyOptionsIntelligence/venv/lib/python3.10/site-packages/google/api_core/operation_async.py', reloading
 * Detected change in '/root/NiftyOptionsIntelligence/venv/lib/python3.10/site-packages/google/api_core/page_iterator.py', reloading
 * Detected change in '/root/NiftyOptionsIntelligence/venv/lib/python3.10/site-packages/google/api_core/page_iterator.py', reloading
 * Detected change in '/root/NiftyOptionsIntelligence/venv/lib/python3.10/site-packages/google/api_core/page_iterator.py', reloading
 * Detected change in '/root/NiftyOptionsIntelligence/venv/lib/python3.10/site-packages/google/api_core/page_iterator_async.py', reloading
 * Detected change in '/root/NiftyOptionsIntelligence/venv/lib/python3.10/site-packages/google/api_core/page_iterator_async.py', reloading
 * Detected change in '/root/NiftyOptionsIntelligence/venv/lib/python3.10/site-packages/google/api_core/page_iterator_async.py', reloading
 * Detected change in '/root/NiftyOptionsIntelligence/venv/lib/python3.10/site-packages/google/api_core/path_template.py', reloading
 * Detected change in '/root/NiftyOptionsIntelligence/venv/lib/python3.10/site-packages/google/api_core/path_template.py', reloading
 * Detected change in '/root/NiftyOptionsIntelligence/venv/lib/python3.10/site-packages/google/api_core/path_template.py', reloading
 * Detected change in '/root/NiftyOptionsIntelligence/venv/lib/python3.10/site-packages/google/api_core/protobuf_helpers.py', reloading
 * Detected change in '/root/NiftyOptionsIntelligence/venv/lib/python3.10/site-packages/google/api_core/protobuf_helpers.py', reloading
 * Detected change in '/root/NiftyOptionsIntelligence/venv/lib/python3.10/site-packages/google/api_core/protobuf_helpers.py', reloading
 * Detected change in '/root/NiftyOptionsIntelligence/venv/lib/python3.10/site-packages/google/api_core/rest_helpers.py', reloading
 * Detected change in '/root/NiftyOptionsIntelligence/venv/lib/python3.10/site-packages/google/api_core/rest_helpers.py', reloading
 * Detected change in '/root/NiftyOptionsIntelligence/venv/lib/python3.10/site-packages/google/api_core/rest_helpers.py', reloading
 * Detected change in '/root/NiftyOptionsIntelligence/venv/lib/python3.10/site-packages/google/api_core/rest_streaming.py', reloading
 * Detected change in '/root/NiftyOptionsIntelligence/venv/lib/python3.10/site-packages/google/api_core/rest_streaming.py', reloading
 * Detected change in '/root/NiftyOptionsIntelligence/venv/lib/python3.10/site-packages/google/api_core/rest_streaming.py', reloading
 * Detected change in '/root/NiftyOptionsIntelligence/venv/lib/python3.10/site-packages/google/api_core/rest_streaming_async.py', reloading
 * Detected change in '/root/NiftyOptionsIntelligence/venv/lib/python3.10/site-packages/google/api_core/rest_streaming_async.py', reloading
 * Detected change in '/root/NiftyOptionsIntelligence/venv/lib/python3.10/site-packages/google/api_core/rest_streaming_async.py', reloading
 * Detected change in '/root/NiftyOptionsIntelligence/venv/lib/python3.10/site-packages/google/api_core/retry_async.py', reloading
 * Detected change in '/root/NiftyOptionsIntelligence/venv/lib/python3.10/site-packages/google/api_core/retry_async.py', reloading
 * Detected change in '/root/NiftyOptionsIntelligence/venv/lib/python3.10/site-packages/google/api_core/retry_async.py', reloading
 * Detected change in '/root/NiftyOptionsIntelligence/venv/lib/python3.10/site-packages/google/api_core/timeout.py', reloading
 * Detected change in '/root/NiftyOptionsIntelligence/venv/lib/python3.10/site-packages/google/api_core/timeout.py', reloading
 * Detected change in '/root/NiftyOptionsIntelligence/venv/lib/python3.10/site-packages/google/api_core/timeout.py', reloading
 * Detected change in '/root/NiftyOptionsIntelligence/venv/lib/python3.10/site-packages/google/api_core/universe.py', reloading
 * Detected change in '/root/NiftyOptionsIntelligence/venv/lib/python3.10/site-packages/google/api_core/universe.py', reloading
 * Detected change in '/root/NiftyOptionsIntelligence/venv/lib/python3.10/site-packages/google/api_core/universe.py', reloading
 * Detected change in '/root/NiftyOptionsIntelligence/venv/lib/python3.10/site-packages/google/api_core/version.py', reloading
 * Detected change in '/root/NiftyOptionsIntelligence/venv/lib/python3.10/site-packages/google/api_core/version.py', reloading
 * Detected change in '/root/NiftyOptionsIntelligence/venv/lib/python3.10/site-packages/google/api_core/version.py', reloading
 * Detected change in '/root/NiftyOptionsIntelligence/venv/lib/python3.10/site-packages/google/api_core/version_header.py', reloading
 * Detected change in '/root/NiftyOptionsIntelligence/venv/lib/python3.10/site-packages/google/api_core/version_header.py', reloading
 * Detected change in '/root/NiftyOptionsIntelligence/venv/lib/python3.10/site-packages/google/api_core/version_header.py', reloading
 * Detected change in '/root/NiftyOptionsIntelligence/venv/lib/python3.10/site-packages/google/api_core/future/async_future.py', reloading
 * Detected change in '/root/NiftyOptionsIntelligence/venv/lib/python3.10/site-packages/google/api_core/future/polling.py', reloading
 * Detected change in '/root/NiftyOptionsIntelligence/venv/lib/python3.10/site-packages/google/api_core/future/__init__.py', reloading
 * Detected change in '/root/NiftyOptionsIntelligence/venv/lib/python3.10/site-packages/google/api_core/future/_helpers.py', reloading
 * Detected change in '/root/NiftyOptionsIntelligence/venv/lib/python3.10/site-packages/google/api_core/future/base.py', reloading
 * Detected change in '/root/NiftyOptionsIntelligence/venv/lib/python3.10/site-packages/google/api_core/gapic_v1/client_info.py', reloading
 * Detected change in '/root/NiftyOptionsIntelligence/venv/lib/python3.10/site-packages/google/api_core/gapic_v1/routing_header.py', reloading
 * Detected change in '/root/NiftyOptionsIntelligence/venv/lib/python3.10/site-packages/google/api_core/gapic_v1/config.py', reloading
 * Detected change in '/root/NiftyOptionsIntelligence/venv/lib/python3.10/site-packages/google/api_core/gapic_v1/__init__.py', reloading
 * Detected change in '/root/NiftyOptionsIntelligence/venv/lib/python3.10/site-packages/google/api_core/gapic_v1/method_async.py', reloading
 * Detected change in '/root/NiftyOptionsIntelligence/venv/lib/python3.10/site-packages/google/api_core/gapic_v1/config_async.py', reloading
 * Detected change in '/root/NiftyOptionsIntelligence/venv/lib/python3.10/site-packages/google/api_core/gapic_v1/method.py', reloading
 * Detected change in '/root/NiftyOptionsIntelligence/venv/lib/python3.10/site-packages/google/api_core/operations_v1/operations_rest_client_async.py', reloading
 * Detected change in '/root/NiftyOptionsIntelligence/venv/lib/python3.10/site-packages/google/api_core/operations_v1/pagers.py', reloading
 * Detected change in '/root/NiftyOptionsIntelligence/venv/lib/python3.10/site-packages/google/api_core/operations_v1/pagers_async.py', reloading
 * Detected change in '/root/NiftyOptionsIntelligence/venv/lib/python3.10/site-packages/google/api_core/operations_v1/operations_async_client.py', reloading
 * Detected change in '/root/NiftyOptionsIntelligence/venv/lib/python3.10/site-packages/google/api_core/operations_v1/__init__.py', reloading
 * Detected change in '/root/NiftyOptionsIntelligence/venv/lib/python3.10/site-packages/google/api_core/operations_v1/operations_client_config.py', reloading
 * Detected change in '/root/NiftyOptionsIntelligence/venv/lib/python3.10/site-packages/google/api_core/operations_v1/pagers_base.py', reloading
 * Detected change in '/root/NiftyOptionsIntelligence/venv/lib/python3.10/site-packages/google/api_core/operations_v1/operations_client.py', reloading
 * Detected change in '/root/NiftyOptionsIntelligence/venv/lib/python3.10/site-packages/google/api_core/operations_v1/abstract_operations_client.py', reloading
 * Detected change in '/root/NiftyOptionsIntelligence/venv/lib/python3.10/site-packages/google/api_core/operations_v1/abstract_operations_base_client.py', reloading
 * Detected change in '/root/NiftyOptionsIntelligence/venv/lib/python3.10/site-packages/google/api_core/operations_v1/transports/rest_asyncio.py', reloading
 * Detected change in '/root/NiftyOptionsIntelligence/venv/lib/python3.10/site-packages/google/api_core/operations_v1/transports/rest.py', reloading
 * Detected change in '/root/NiftyOptionsIntelligence/venv/lib/python3.10/site-packages/google/api_core/operations_v1/transports/__init__.py', reloading
 * Detected change in '/root/NiftyOptionsIntelligence/venv/lib/python3.10/site-packages/google/api_core/operations_v1/transports/base.py', reloading
 * Detected change in '/root/NiftyOptionsIntelligence/venv/lib/python3.10/site-packages/google/api_core/retry/retry_base.py', reloading
 * Detected change in '/root/NiftyOptionsIntelligence/venv/lib/python3.10/site-packages/google/api_core/retry/retry_streaming.py', reloading
 * Detected change in '/root/NiftyOptionsIntelligence/venv/lib/python3.10/site-packages/google/api_core/retry/retry_streaming_async.py', reloading
 * Detected change in '/root/NiftyOptionsIntelligence/venv/lib/python3.10/site-packages/google/api_core/retry/__init__.py', reloading
 * Detected change in '/root/NiftyOptionsIntelligence/venv/lib/python3.10/site-packages/google/api_core/retry/retry_unary.py', reloading
 * Detected change in '/root/NiftyOptionsIntelligence/venv/lib/python3.10/site-packages/google/api_core/retry/retry_unary_async.py', reloading
 * Detected change in '/root/NiftyOptionsIntelligence/venv/lib/python3.10/site-packages/bokeh/__init__.py', reloading
 * Detected change in '/root/NiftyOptionsIntelligence/venv/lib/python3.10/site-packages/bokeh/__init__.py', reloading
 * Detected change in '/root/NiftyOptionsIntelligence/venv/lib/python3.10/site-packages/bokeh/__init__.py', reloading
 * Detected change in '/root/NiftyOptionsIntelligence/venv/lib/python3.10/site-packages/bokeh/__main__.py', reloading
 * Detected change in '/root/NiftyOptionsIntelligence/venv/lib/python3.10/site-packages/bokeh/__main__.py', reloading
 * Detected change in '/root/NiftyOptionsIntelligence/venv/lib/python3.10/site-packages/bokeh/__main__.py', reloading
 * Detected change in '/root/NiftyOptionsIntelligence/venv/lib/python3.10/site-packages/bokeh/driving.py', reloading
 * Detected change in '/root/NiftyOptionsIntelligence/venv/lib/python3.10/site-packages/bokeh/driving.py', reloading
 * Detected change in '/root/NiftyOptionsIntelligence/venv/lib/python3.10/site-packages/bokeh/driving.py', reloading
 * Detected change in '/root/NiftyOptionsIntelligence/venv/lib/python3.10/site-packages/bokeh/events.py', reloading
 * Detected change in '/root/NiftyOptionsIntelligence/venv/lib/python3.10/site-packages/bokeh/events.py', reloading
 * Detected change in '/root/NiftyOptionsIntelligence/venv/lib/python3.10/site-packages/bokeh/events.py', reloading
 * Detected change in '/root/NiftyOptionsIntelligence/venv/lib/python3.10/site-packages/bokeh/ext.py', reloading
 * Detected change in '/root/NiftyOptionsIntelligence/venv/lib/python3.10/site-packages/bokeh/ext.py', reloading
 * Detected change in '/root/NiftyOptionsIntelligence/venv/lib/python3.10/site-packages/bokeh/ext.py', reloading
 * Detected change in '/root/NiftyOptionsIntelligence/venv/lib/python3.10/site-packages/bokeh/layouts.py', reloading
 * Detected change in '/root/NiftyOptionsIntelligence/venv/lib/python3.10/site-packages/bokeh/layouts.py', reloading
 * Detected change in '/root/NiftyOptionsIntelligence/venv/lib/python3.10/site-packages/bokeh/layouts.py', reloading
 * Detected change in '/root/NiftyOptionsIntelligence/venv/lib/python3.10/site-packages/bokeh/palettes.py', reloading
 * Detected change in '/root/NiftyOptionsIntelligence/venv/lib/python3.10/site-packages/bokeh/palettes.py', reloading
 * Detected change in '/root/NiftyOptionsIntelligence/venv/lib/python3.10/site-packages/bokeh/palettes.py', reloading
 * Detected change in '/root/NiftyOptionsIntelligence/venv/lib/python3.10/site-packages/bokeh/resources.py', reloading
 * Detected change in '/root/NiftyOptionsIntelligence/venv/lib/python3.10/site-packages/bokeh/resources.py', reloading
 * Detected change in '/root/NiftyOptionsIntelligence/venv/lib/python3.10/site-packages/bokeh/resources.py', reloading
 * Detected change in '/root/NiftyOptionsIntelligence/venv/lib/python3.10/site-packages/bokeh/settings.py', reloading
 * Detected change in '/root/NiftyOptionsIntelligence/venv/lib/python3.10/site-packages/bokeh/settings.py', reloading
 * Detected change in '/root/NiftyOptionsIntelligence/venv/lib/python3.10/site-packages/bokeh/settings.py', reloading
 * Detected change in '/root/NiftyOptionsIntelligence/venv/lib/python3.10/site-packages/bokeh/transform.py', reloading
 * Detected change in '/root/NiftyOptionsIntelligence/venv/lib/python3.10/site-packages/bokeh/transform.py', reloading
 * Detected change in '/root/NiftyOptionsIntelligence/venv/lib/python3.10/site-packages/bokeh/transform.py', reloading
 * Restarting with watchdog (inotify)
 * Debugger is active!
 * Debugger PIN: 921-011-964
 * Detected change in '/root/NiftyOptionsIntelligence/venv/lib/python3.10/site-packages/google/cloud/version.py', reloading
 * Detected change in '/root/NiftyOptionsIntelligence/venv/lib/python3.10/site-packages/google/cloud/version.py', reloading
 * Detected change in '/root/NiftyOptionsIntelligence/venv/lib/python3.10/site-packages/google/cloud/version.py', reloading
 * Detected change in '/root/NiftyOptionsIntelligence/venv/lib/python3.10/site-packages/google/cloud/_helpers/__init__.py', reloading
 * Detected change in '/root/NiftyOptionsIntelligence/venv/lib/python3.10/site-packages/google/cloud/_http/__init__.py', reloading
 * Detected change in '/root/NiftyOptionsIntelligence/venv/lib/python3.10/site-packages/google/cloud/_testing/__init__.py', reloading
 * Detected change in '/root/NiftyOptionsIntelligence/venv/lib/python3.10/site-packages/google/cloud/client/__init__.py', reloading
 * Detected change in '/root/NiftyOptionsIntelligence/venv/lib/python3.10/site-packages/google/cloud/environment_vars/__init__.py', reloading
 * Detected change in '/root/NiftyOptionsIntelligence/venv/lib/python3.10/site-packages/google/cloud/exceptions/__init__.py', reloading
 * Detected change in '/root/NiftyOptionsIntelligence/venv/lib/python3.10/site-packages/google/cloud/obsolete/__init__.py', reloading
 * Detected change in '/root/NiftyOptionsIntelligence/venv/lib/python3.10/site-packages/google/cloud/operation/__init__.py', reloading
 * Detected change in '/root/NiftyOptionsIntelligence/venv/lib/python3.10/site-packages/google/cloud/firestore/gapic_version.py', reloading
 * Detected change in '/root/NiftyOptionsIntelligence/venv/lib/python3.10/site-packages/google/cloud/firestore/__init__.py', reloading
 * Detected change in '/root/NiftyOptionsIntelligence/venv/lib/python3.10/site-packages/google/cloud/firestore_admin_v1/gapic_version.py', reloading
 * Detected change in '/root/NiftyOptionsIntelligence/venv/lib/python3.10/site-packages/google/cloud/firestore_admin_v1/__init__.py', reloading
 * Detected change in '/root/NiftyOptionsIntelligence/venv/lib/python3.10/site-packages/google/cloud/firestore_admin_v1/types/database.py', reloading
 * Detected change in '/root/NiftyOptionsIntelligence/venv/lib/python3.10/site-packages/google/cloud/firestore_admin_v1/types/firestore_admin.py', reloading
 * Detected change in '/root/NiftyOptionsIntelligence/venv/lib/python3.10/site-packages/google/cloud/firestore_admin_v1/types/schedule.py', reloading
 * Detected change in '/root/NiftyOptionsIntelligence/venv/lib/python3.10/site-packages/google/cloud/firestore_admin_v1/types/user_creds.py', reloading
 * Detected change in '/root/NiftyOptionsIntelligence/venv/lib/python3.10/site-packages/google/cloud/firestore_admin_v1/types/index.py', reloading
 * Detected change in '/root/NiftyOptionsIntelligence/venv/lib/python3.10/site-packages/google/cloud/firestore_admin_v1/types/field.py', reloading
 * Detected change in '/root/NiftyOptionsIntelligence/venv/lib/python3.10/site-packages/google/cloud/firestore_admin_v1/types/location.py', reloading
 * Detected change in '/root/NiftyOptionsIntelligence/venv/lib/python3.10/site-packages/google/cloud/firestore_admin_v1/types/backup.py', reloading
 * Detected change in '/root/NiftyOptionsIntelligence/venv/lib/python3.10/site-packages/google/cloud/firestore_admin_v1/types/operation.py', reloading
 * Detected change in '/root/NiftyOptionsIntelligence/venv/lib/python3.10/site-packages/google/cloud/firestore_admin_v1/types/__init__.py', reloading
 * Detected change in '/root/NiftyOptionsIntelligence/venv/lib/python3.10/site-packages/google/cloud/firestore_admin_v1/services/__init__.py', reloading
 * Detected change in '/root/NiftyOptionsIntelligence/venv/lib/python3.10/site-packages/google/cloud/firestore_admin_v1/services/firestore_admin/pagers.py', reloading
 * Detected change in '/root/NiftyOptionsIntelligence/venv/lib/python3.10/site-packages/google/cloud/firestore_admin_v1/services/firestore_admin/async_client.py', reloading
 * Detected change in '/root/NiftyOptionsIntelligence/venv/lib/python3.10/site-packages/google/cloud/firestore_admin_v1/services/firestore_admin/__init__.py', reloading
 * Detected change in '/root/NiftyOptionsIntelligence/venv/lib/python3.10/site-packages/google/cloud/firestore_admin_v1/services/firestore_admin/client.py', reloading
 * Detected change in '/root/NiftyOptionsIntelligence/venv/lib/python3.10/site-packages/google/cloud/firestore_admin_v1/services/firestore_admin/transports/rest_base.py', reloading
 * Detected change in '/root/NiftyOptionsIntelligence/venv/lib/python3.10/site-packages/google/cloud/firestore_admin_v1/services/firestore_admin/transports/rest.py', reloading
 * Detected change in '/root/NiftyOptionsIntelligence/venv/lib/python3.10/site-packages/google/cloud/firestore_admin_v1/services/firestore_admin/transports/grpc_asyncio.py', reloading
 * Detected change in '/root/NiftyOptionsIntelligence/venv/lib/python3.10/site-packages/google/cloud/firestore_admin_v1/services/firestore_admin/transports/__init__.py', reloading
 * Detected change in '/root/NiftyOptionsIntelligence/venv/lib/python3.10/site-packages/google/cloud/firestore_admin_v1/services/firestore_admin/transports/base.py', reloading
 * Detected change in '/root/NiftyOptionsIntelligence/venv/lib/python3.10/site-packages/google/cloud/firestore_admin_v1/services/firestore_admin/transports/grpc.py', reloading
 * Detected change in '/root/NiftyOptionsIntelligence/venv/lib/python3.10/site-packages/google/cloud/firestore_bundle/gapic_version.py', reloading
 * Detected change in '/root/NiftyOptionsIntelligence/venv/lib/python3.10/site-packages/google/cloud/firestore_bundle/__init__.py', reloading
 * Detected change in '/root/NiftyOptionsIntelligence/venv/lib/python3.10/site-packages/google/cloud/firestore_bundle/_helpers.py', reloading
 * Detected change in '/root/NiftyOptionsIntelligence/venv/lib/python3.10/site-packages/google/cloud/firestore_bundle/bundle.py', reloading
 * Detected change in '/root/NiftyOptionsIntelligence/venv/lib/python3.10/site-packages/google/cloud/firestore_bundle/types/__init__.py', reloading
 * Detected change in '/root/NiftyOptionsIntelligence/venv/lib/python3.10/site-packages/google/cloud/firestore_bundle/types/bundle.py', reloading
 * Detected change in '/root/NiftyOptionsIntelligence/venv/lib/python3.10/site-packages/google/cloud/firestore_bundle/services/__init__.py', reloading
 * Detected change in '/root/NiftyOptionsIntelligence/venv/lib/python3.10/site-packages/google/cloud/firestore_v1/query_results.py', reloading
 * Detected change in '/root/NiftyOptionsIntelligence/venv/lib/python3.10/site-packages/google/cloud/firestore_v1/transforms.py', reloading
 * Detected change in '/root/NiftyOptionsIntelligence/venv/lib/python3.10/site-packages/google/cloud/firestore_v1/query_profile.py', reloading
 * Detected change in '/root/NiftyOptionsIntelligence/venv/lib/python3.10/site-packages/google/cloud/firestore_v1/aggregation.py', reloading
 * Detected change in '/root/NiftyOptionsIntelligence/venv/lib/python3.10/site-packages/google/cloud/firestore_v1/async_aggregation.py', reloading
 * Detected change in '/root/NiftyOptionsIntelligence/venv/lib/python3.10/site-packages/google/cloud/firestore_v1/async_vector_query.py', reloading
 * Detected change in '/root/NiftyOptionsIntelligence/venv/lib/python3.10/site-packages/google/cloud/firestore_v1/async_batch.py', reloading
 * Detected change in '/root/NiftyOptionsIntelligence/venv/lib/python3.10/site-packages/google/cloud/firestore_v1/base_collection.py', reloading
 * Detected change in '/root/NiftyOptionsIntelligence/venv/lib/python3.10/site-packages/google/cloud/firestore_v1/order.py', reloading
 * Detected change in '/root/NiftyOptionsIntelligence/venv/lib/python3.10/site-packages/google/cloud/firestore_v1/base_client.py', reloading
 * Detected change in '/root/NiftyOptionsIntelligence/venv/lib/python3.10/site-packages/google/cloud/firestore_v1/bulk_writer.py', reloading
 * Detected change in '/root/NiftyOptionsIntelligence/venv/lib/python3.10/site-packages/google/cloud/firestore_v1/document.py', reloading
 * Detected change in '/root/NiftyOptionsIntelligence/venv/lib/python3.10/site-packages/google/cloud/firestore_v1/base_document.py', reloading
 * Detected change in '/root/NiftyOptionsIntelligence/venv/lib/python3.10/site-packages/google/cloud/firestore_v1/async_document.py', reloading
 * Detected change in '/root/NiftyOptionsIntelligence/venv/lib/python3.10/site-packages/google/cloud/firestore_v1/query.py', reloading
 * Detected change in '/root/NiftyOptionsIntelligence/venv/lib/python3.10/site-packages/google/cloud/firestore_v1/async_transaction.py', reloading
 * Detected change in '/root/NiftyOptionsIntelligence/venv/lib/python3.10/site-packages/google/cloud/firestore_v1/base_transaction.py', reloading
 * Detected change in '/root/NiftyOptionsIntelligence/venv/lib/python3.10/site-packages/google/cloud/firestore_v1/vector.py', reloading
 * Detected change in '/root/NiftyOptionsIntelligence/venv/lib/python3.10/site-packages/google/cloud/firestore_v1/batch.py', reloading
 * Detected change in '/root/NiftyOptionsIntelligence/venv/lib/python3.10/site-packages/google/cloud/firestore_v1/base_aggregation.py', reloading
 * Detected change in '/root/NiftyOptionsIntelligence/venv/lib/python3.10/site-packages/google/cloud/firestore_v1/async_collection.py', reloading
 * Detected change in '/root/NiftyOptionsIntelligence/venv/lib/python3.10/site-packages/google/cloud/firestore_v1/async_client.py', reloading
 * Detected change in '/root/NiftyOptionsIntelligence/venv/lib/python3.10/site-packages/google/cloud/firestore_v1/collection.py', reloading
 * Detected change in '/root/NiftyOptionsIntelligence/venv/lib/python3.10/site-packages/google/cloud/firestore_v1/gapic_version.py', reloading
 * Detected change in '/root/NiftyOptionsIntelligence/venv/lib/python3.10/site-packages/google/cloud/firestore_v1/base_vector_query.py', reloading
 * Detected change in '/root/NiftyOptionsIntelligence/venv/lib/python3.10/site-packages/google/cloud/firestore_v1/async_stream_generator.py', reloading
 * Detected change in '/root/NiftyOptionsIntelligence/venv/lib/python3.10/site-packages/google/cloud/firestore_v1/watch.py', reloading
 * Detected change in '/root/NiftyOptionsIntelligence/venv/lib/python3.10/site-packages/google/cloud/firestore_v1/rate_limiter.py', reloading
 * Detected change in '/root/NiftyOptionsIntelligence/venv/lib/python3.10/site-packages/google/cloud/firestore_v1/__init__.py', reloading
 * Detected change in '/root/NiftyOptionsIntelligence/venv/lib/python3.10/site-packages/google/cloud/firestore_v1/_helpers.py', reloading
 * Detected change in '/root/NiftyOptionsIntelligence/venv/lib/python3.10/site-packages/google/cloud/firestore_v1/stream_generator.py', reloading
 * Detected change in '/root/NiftyOptionsIntelligence/venv/lib/python3.10/site-packages/google/cloud/firestore_v1/base_query.py', reloading
 * Detected change in '/root/NiftyOptionsIntelligence/venv/lib/python3.10/site-packages/google/cloud/firestore_v1/vector_query.py', reloading
 * Detected change in '/root/NiftyOptionsIntelligence/venv/lib/python3.10/site-packages/google/cloud/firestore_v1/bulk_batch.py', reloading
 * Detected change in '/root/NiftyOptionsIntelligence/venv/lib/python3.10/site-packages/google/cloud/firestore_v1/async_query.py', reloading
 * Detected change in '/root/NiftyOptionsIntelligence/venv/lib/python3.10/site-packages/google/cloud/firestore_v1/transaction.py', reloading
 * Detected change in '/root/NiftyOptionsIntelligence/venv/lib/python3.10/site-packages/google/cloud/firestore_v1/base_batch.py', reloading
 * Detected change in '/root/NiftyOptionsIntelligence/venv/lib/python3.10/site-packages/google/cloud/firestore_v1/client.py', reloading
 * Detected change in '/root/NiftyOptionsIntelligence/venv/lib/python3.10/site-packages/google/cloud/firestore_v1/field_path.py', reloading
 * Detected change in '/root/NiftyOptionsIntelligence/venv/lib/python3.10/site-packages/google/cloud/firestore_v1/types/aggregation_result.py', reloading
 * Detected change in '/root/NiftyOptionsIntelligence/venv/lib/python3.10/site-packages/google/cloud/firestore_v1/types/query_profile.py', reloading
 * Detected change in '/root/NiftyOptionsIntelligence/venv/lib/python3.10/site-packages/google/cloud/firestore_v1/types/document.py', reloading
 * Detected change in '/root/NiftyOptionsIntelligence/venv/lib/python3.10/site-packages/google/cloud/firestore_v1/types/firestore.py', reloading
 * Detected change in '/root/NiftyOptionsIntelligence/venv/lib/python3.10/site-packages/google/cloud/firestore_v1/types/query.py', reloading
 * Detected change in '/root/NiftyOptionsIntelligence/venv/lib/python3.10/site-packages/google/cloud/firestore_v1/types/common.py', reloading
 * Detected change in '/root/NiftyOptionsIntelligence/venv/lib/python3.10/site-packages/google/cloud/firestore_v1/types/bloom_filter.py', reloading
 * Detected change in '/root/NiftyOptionsIntelligence/venv/lib/python3.10/site-packages/google/cloud/firestore_v1/types/__init__.py', reloading
 * Detected change in '/root/NiftyOptionsIntelligence/venv/lib/python3.10/site-packages/google/cloud/firestore_v1/types/write.py', reloading
 * Detected change in '/root/NiftyOptionsIntelligence/venv/lib/python3.10/site-packages/google/cloud/firestore_v1/services/__init__.py', reloading
 * Detected change in '/root/NiftyOptionsIntelligence/venv/lib/python3.10/site-packages/google/cloud/firestore_v1/services/firestore/pagers.py', reloading
 * Detected change in '/root/NiftyOptionsIntelligence/venv/lib/python3.10/site-packages/google/cloud/firestore_v1/services/firestore/async_client.py', reloading
 * Detected change in '/root/NiftyOptionsIntelligence/venv/lib/python3.10/site-packages/google/cloud/firestore_v1/services/firestore/__init__.py', reloading
 * Detected change in '/root/NiftyOptionsIntelligence/venv/lib/python3.10/site-packages/google/cloud/firestore_v1/services/firestore/client.py', reloading
 * Detected change in '/root/NiftyOptionsIntelligence/venv/lib/python3.10/site-packages/google/cloud/firestore_v1/services/firestore/transports/rest_base.py', reloading
 * Detected change in '/root/NiftyOptionsIntelligence/venv/lib/python3.10/site-packages/google/cloud/firestore_v1/services/firestore/transports/rest.py', reloading
 * Detected change in '/root/NiftyOptionsIntelligence/venv/lib/python3.10/site-packages/google/cloud/firestore_v1/services/firestore/transports/grpc_asyncio.py', reloading
 * Detected change in '/root/NiftyOptionsIntelligence/venv/lib/python3.10/site-packages/google/cloud/firestore_v1/services/firestore/transports/__init__.py', reloading
 * Detected change in '/root/NiftyOptionsIntelligence/venv/lib/python3.10/site-packages/google/cloud/firestore_v1/services/firestore/transports/base.py', reloading
 * Detected change in '/root/NiftyOptionsIntelligence/venv/lib/python3.10/site-packages/google/cloud/firestore_v1/services/firestore/transports/grpc.py', reloading
 * Detected change in '/root/NiftyOptionsIntelligence/venv/lib/python3.10/site-packages/streamlit_bokeh/__init__.py', reloading
 * Detected change in '/root/NiftyOptionsIntelligence/venv/lib/python3.10/site-packages/streamlit_bokeh/__init__.py', reloading
 * Detected change in '/root/NiftyOptionsIntelligence/venv/lib/python3.10/site-packages/streamlit_bokeh/__init__.py', reloading
 * Detected change in '/root/NiftyOptionsIntelligence/venv/lib/python3.10/site-packages/streamlit_analytics/main.py', reloading
 * Detected change in '/root/NiftyOptionsIntelligence/venv/lib/python3.10/site-packages/streamlit_analytics/firestore.py', reloading
 * Detected change in '/root/NiftyOptionsIntelligence/venv/lib/python3.10/site-packages/streamlit_analytics/utils.py', reloading
 * Detected change in '/root/NiftyOptionsIntelligence/venv/lib/python3.10/site-packages/streamlit_analytics/__init__.py', reloading
 * Detected change in '/root/NiftyOptionsIntelligence/venv/lib/python3.10/site-packages/streamlit_analytics/display.py', reloading
 * Restarting with watchdog (inotify)
 * Debugger is active!
 * Debugger PIN: 921-011-964
 * Detected change in '/root/NiftyOptionsIntelligence/NiftyOptionsIntelligence/dashboard.py', reloading
 * Detected change in '/root/NiftyOptionsIntelligence/NiftyOptionsIntelligence/dashboard.py', reloading
 * Detected change in '/root/NiftyOptionsIntelligence/NiftyOptionsIntelligence/dashboard.py', reloading
 * Restarting with watchdog (inotify)
 * Debugger is active!
 * Debugger PIN: 921-011-964
 * Detected change in '/root/NiftyOptionsIntelligence/NiftyOptionsIntelligence/dashboard.py', reloading
 * Detected change in '/root/NiftyOptionsIntelligence/NiftyOptionsIntelligence/dashboard.py', reloading
 * Detected change in '/root/NiftyOptionsIntelligence/NiftyOptionsIntelligence/dashboard.py', reloading
 * Restarting with watchdog (inotify)
 * Debugger is active!
 * Debugger PIN: 921-011-964
