2025-07-11 04:20:26,327 - TradingSystem - INFO - info:57 - Successfully connected to Angel One API
2025-07-11 04:20:26,330 - TradingSystem - INFO - info:57 - Position Manager initialized
2025-07-11 04:20:26,542 - TradingSystem - INFO - info:57 - Downloading Angel One instrument master...
2025-07-11 04:20:27,861 - TradingSystem - INFO - info:57 - Loaded 4340 NFO options
2025-07-11 04:20:52,426 - TradingSystem - INFO - info:57 - Downloading Angel One instrument master...
2025-07-11 04:20:53,683 - TradingSystem - INFO - info:57 - Loaded 4340 NFO options
2025-07-11 04:20:53,689 - TradingSystem - INFO - info:57 - Fetching live options data for NIFTY
2025-07-11 04:20:53,689 - TradingSystem - INFO - info:57 - Greeks API request: NIFTY expiry 10JUL2025
2025-07-11 04:20:53,727 - TradingSystem - ERROR - error:65 - Greeks API error: No Data Available
2025-07-11 04:20:55,462 - TradingSystem - INFO - info:57 - Downloading Angel One instrument master...
2025-07-11 04:20:56,698 - TradingSystem - INFO - info:57 - Loaded 4340 NFO options
2025-07-11 04:20:56,704 - TradingSystem - INFO - info:57 - Demonstrating WebSocket connection
2025-07-11 04:20:56,705 - TradingSystem - INFO - info:57 - Connecting to Angel One WebSocket v2...
2025-07-11 04:20:56,855 - TradingSystem - ERROR - error:65 - WebSocket v2 error: Handshake status 401 Unauthorized -+-+- {'server': 'nginx', 'date': 'Fri, 11 Jul 2025 02:20:56 GMT', 'content-type': 'text/html;charset=iso-8859-1', 'content-length': '522', 'connection': 'keep-alive', 'x-error-message': 'Invalid Header - Invalid Feed Token', 'cache-control': 'must-revalidate,no-cache,no-store', 'strict-transport-security': 'max-age=31536000; includeSubDomains', 'content-security-policy': "default-src 'self';"} -+-+- b'<html>\n<head>\n<meta http-equiv="Content-Type" content="text/html;charset=ISO-8859-1"/>\n<title>Error 401 Server Error</title>\n</head>\n<body><h2>HTTP ERROR 401 Server Error</h2>\n<table>\n<tr><th>URI:</th><td>/smart-stream</td></tr>\n<tr><th>STATUS:</th><td>401</td></tr>\n<tr><th>MESSAGE:</th><td>Server Error</td></tr>\n<tr><th>SERVLET:</th><td>org.eclipse.jetty.servlet.ServletHandler$Default404Servlet-33f2cfda</td></tr>\n</table>\n<hr/><a href="https://eclipse.org/jetty">Powered by Jetty:// 11.0.15</a><hr/>\n\n</body>\n</html>\n'
2025-07-11 04:20:56,855 - TradingSystem - ERROR - error:65 - WebSocket error: Handshake status 401 Unauthorized -+-+- {'server': 'nginx', 'date': 'Fri, 11 Jul 2025 02:20:56 GMT', 'content-type': 'text/html;charset=iso-8859-1', 'content-length': '522', 'connection': 'keep-alive', 'x-error-message': 'Invalid Header - Invalid Feed Token', 'cache-control': 'must-revalidate,no-cache,no-store', 'strict-transport-security': 'max-age=31536000; includeSubDomains', 'content-security-policy': "default-src 'self';"} -+-+- b'<html>\n<head>\n<meta http-equiv="Content-Type" content="text/html;charset=ISO-8859-1"/>\n<title>Error 401 Server Error</title>\n</head>\n<body><h2>HTTP ERROR 401 Server Error</h2>\n<table>\n<tr><th>URI:</th><td>/smart-stream</td></tr>\n<tr><th>STATUS:</th><td>401</td></tr>\n<tr><th>MESSAGE:</th><td>Server Error</td></tr>\n<tr><th>SERVLET:</th><td>org.eclipse.jetty.servlet.ServletHandler$Default404Servlet-33f2cfda</td></tr>\n</table>\n<hr/><a href="https://eclipse.org/jetty">Powered by Jetty:// 11.0.15</a><hr/>\n\n</body>\n</html>\n'
2025-07-11 04:20:56,856 - TradingSystem - INFO - info:57 - WebSocket v2 connection closed
2025-07-11 04:21:06,718 - TradingSystem - ERROR - error:65 - WebSocket v2 connection timeout
2025-07-11 04:21:06,719 - TradingSystem - ERROR - error:65 - WebSocket v2 connection failed
2025-07-11 04:22:01,153 - TradingSystem - INFO - info:57 - Downloading Angel One instrument master...
2025-07-11 04:22:02,416 - TradingSystem - INFO - info:57 - Loaded 4340 NFO options
2025-07-11 04:22:22,785 - TradingSystem - INFO - info:57 - Downloading Angel One instrument master...
2025-07-11 04:22:24,043 - TradingSystem - INFO - info:57 - Loaded 4340 NFO options
2025-07-11 04:22:24,052 - TradingSystem - INFO - info:57 - Demonstrating WebSocket connection
2025-07-11 04:22:24,053 - TradingSystem - INFO - info:57 - Connecting to Angel One WebSocket v2...
2025-07-11 04:22:24,070 - TradingSystem - ERROR - error:65 - WebSocket v2 error: Handshake status 401 Unauthorized -+-+- {'server': 'nginx', 'date': 'Fri, 11 Jul 2025 02:22:24 GMT', 'content-type': 'text/html;charset=iso-8859-1', 'content-length': '522', 'connection': 'keep-alive', 'x-error-message': 'Invalid Header - Invalid Feed Token', 'cache-control': 'must-revalidate,no-cache,no-store', 'strict-transport-security': 'max-age=31536000; includeSubDomains', 'content-security-policy': "default-src 'self';"} -+-+- b'<html>\n<head>\n<meta http-equiv="Content-Type" content="text/html;charset=ISO-8859-1"/>\n<title>Error 401 Server Error</title>\n</head>\n<body><h2>HTTP ERROR 401 Server Error</h2>\n<table>\n<tr><th>URI:</th><td>/smart-stream</td></tr>\n<tr><th>STATUS:</th><td>401</td></tr>\n<tr><th>MESSAGE:</th><td>Server Error</td></tr>\n<tr><th>SERVLET:</th><td>org.eclipse.jetty.servlet.ServletHandler$Default404Servlet-19b07407</td></tr>\n</table>\n<hr/><a href="https://eclipse.org/jetty">Powered by Jetty:// 11.0.15</a><hr/>\n\n</body>\n</html>\n'
2025-07-11 04:22:24,070 - TradingSystem - ERROR - error:65 - WebSocket error: Handshake status 401 Unauthorized -+-+- {'server': 'nginx', 'date': 'Fri, 11 Jul 2025 02:22:24 GMT', 'content-type': 'text/html;charset=iso-8859-1', 'content-length': '522', 'connection': 'keep-alive', 'x-error-message': 'Invalid Header - Invalid Feed Token', 'cache-control': 'must-revalidate,no-cache,no-store', 'strict-transport-security': 'max-age=31536000; includeSubDomains', 'content-security-policy': "default-src 'self';"} -+-+- b'<html>\n<head>\n<meta http-equiv="Content-Type" content="text/html;charset=ISO-8859-1"/>\n<title>Error 401 Server Error</title>\n</head>\n<body><h2>HTTP ERROR 401 Server Error</h2>\n<table>\n<tr><th>URI:</th><td>/smart-stream</td></tr>\n<tr><th>STATUS:</th><td>401</td></tr>\n<tr><th>MESSAGE:</th><td>Server Error</td></tr>\n<tr><th>SERVLET:</th><td>org.eclipse.jetty.servlet.ServletHandler$Default404Servlet-19b07407</td></tr>\n</table>\n<hr/><a href="https://eclipse.org/jetty">Powered by Jetty:// 11.0.15</a><hr/>\n\n</body>\n</html>\n'
2025-07-11 04:22:24,071 - TradingSystem - INFO - info:57 - WebSocket v2 connection closed
2025-07-11 04:22:34,067 - TradingSystem - ERROR - error:65 - WebSocket v2 connection timeout
2025-07-11 04:22:34,067 - TradingSystem - ERROR - error:65 - WebSocket v2 connection failed
2025-07-24 23:44:03,682 - yfinance - ERROR - Failed to get ticker '^NSEI' reason: Failed to perform, curl: (6) Could not resolve host: guce.yahoo.com. See https://curl.se/libcurl/c/libcurl-errors.html first for more details.
2025-07-24 23:44:03,693 - utils.trend_detector - ERROR - Error in trend detection: Failed to perform, curl: (6) Could not resolve host: guce.yahoo.com. See https://curl.se/libcurl/c/libcurl-errors.html first for more details.
